Analysis initiated from SIMULIA established products
Analysis initiated from SIMULIA established products
Analysis initiated from SIMULIA established products
Analysis initiated from SIMULIA established products
Analysis initiated from SIMULIA established products
Analysis initiated from SIMULIA established products
Analysis initiated from SIMULIA established products
Analysis initiated from SIMULIA established products
Analysis initiated from SIMULIA established products
Analysis initiated from SIMULIA established products
Abaqus JOB PP_fine_filleted_sgmmsr_0.08_lenscale_0.15_init_5
Abaqus JOB PP_fine_filleted_sgmmsr_0.08_lenscale_0.15_init_10
Abaqus 2020
Abaqus 2020
Abaqus JOB PP_fine_filleted_sgmmsr_0.08_lenscale_0.15_init_3
Abaqus JOB PP_fine_filleted_sgmmsr_0.08_lenscale_0.15_init_6
Abaqus JOB PP_fine_filleted_sgmmsr_0.08_lenscale_0.15_init_9
Abaqus JOB PP_fine_filleted_sgmmsr_0.08_lenscale_0.15_init_1
Abaqus 2020
Abaqus 2020
Abaqus JOB PP_fine_filleted_sgmmsr_0.08_lenscale_0.15_init_8
Abaqus JOB PP_fine_filleted_sgmmsr_0.08_lenscale_0.15_init_7
Abaqus 2020
Abaqus 2020
Abaqus 2020
Abaqus 2020
Abaqus JOB PP_fine_filleted_sgmmsr_0.08_lenscale_0.15_init_2
Abaqus 2020
Abaqus JOB PP_fine_filleted_sgmmsr_0.08_lenscale_0.15_init_4
Abaqus 2020
Abaqus License Manager checked out the following licenses:
Abaqus/Standard checked out 5 tokens from Flexnet server mooring.ecn.purdue.edu.
Abaqus License Manager checked out the following licenses:
Abaqus/Standard checked out 5 tokens from Flexnet server mooring.ecn.purdue.edu.
<2721 out of 3272 licenses remain available>.
<2721 out of 3272 licenses remain available>.
Abaqus License Manager checked out the following licenses:
Abaqus License Manager checked out the following licenses:
Abaqus License Manager checked out the following licenses:
Abaqus/Standard checked out 5 tokens from Flexnet server mooring.ecn.purdue.edu.
Abaqus License Manager checked out the following licenses:
Abaqus License Manager checked out the following licenses:
Abaqus/Standard checked out 5 tokens from Flexnet server mooring.ecn.purdue.edu.
<2721 out of 3272 licenses remain available>.
Abaqus/Standard checked out 5 tokens from Flexnet server mooring.ecn.purdue.edu.
<2721 out of 3272 licenses remain available>.
Abaqus/Standard checked out 5 tokens from Flexnet server mooring.ecn.purdue.edu.
Abaqus/Standard checked out 5 tokens from Flexnet server mooring.ecn.purdue.edu.
Abaqus License Manager checked out the following licenses:
Abaqus/Standard checked out 5 tokens from Flexnet server mooring.ecn.purdue.edu.
<2721 out of 3272 licenses remain available>.
<2721 out of 3272 licenses remain available>.
<2721 out of 3272 licenses remain available>.
<2721 out of 3272 licenses remain available>.
Abaqus License Manager checked out the following licenses:
Abaqus/Standard checked out 5 tokens from Flexnet server mooring.ecn.purdue.edu.
<2721 out of 3272 licenses remain available>.
Abaqus License Manager checked out the following licenses:
Abaqus/Standard checked out 5 tokens from Flexnet server mooring.ecn.purdue.edu.
<2721 out of 3272 licenses remain available>.
Begin Compiling Abaqus/Standard User Subroutines
Begin Compiling Abaqus/Standard User Subroutines
Wed 28 Jun 2023 06:55:53 PM EDT
Wed 28 Jun 2023 06:55:53 PM EDT
Begin Compiling Abaqus/Standard User Subroutines
Begin Compiling Abaqus/Standard User Subroutines
Begin Compiling Abaqus/Standard User Subroutines
Wed 28 Jun 2023 06:55:53 PM EDT
Begin Compiling Abaqus/Standard User Subroutines
Wed 28 Jun 2023 06:55:53 PM EDT
Wed 28 Jun 2023 06:55:53 PM EDT
Begin Compiling Abaqus/Standard User Subroutines
Begin Compiling Abaqus/Standard User Subroutines
Wed 28 Jun 2023 06:55:53 PM EDT
Begin Compiling Abaqus/Standard User Subroutines
Begin Compiling Abaqus/Standard User Subroutines
Wed 28 Jun 2023 06:55:53 PM EDT
Wed 28 Jun 2023 06:55:53 PM EDT
Wed 28 Jun 2023 06:55:53 PM EDT
Wed 28 Jun 2023 06:55:53 PM EDT
Intel(R) Fortran Intel(R) 64 Compiler for applications running on Intel(R) 64, Version 17.0.1.132 Build 20161005
Copyright (C) 1985-2016 Intel Corporation.  All rights reserved.
Intel(R) Fortran Intel(R) 64 Compiler for applications running on Intel(R) 64, Version 17.0.1.132 Build 20161005
Intel(R) Fortran Intel(R) 64 Compiler for applications running on Intel(R) 64, Version 17.0.1.132 Build 20161005
Copyright (C) 1985-2016 Intel Corporation.  All rights reserved.
Copyright (C) 1985-2016 Intel Corporation.  All rights reserved.



Intel(R) Fortran Intel(R) 64 Compiler for applications running on Intel(R) 64, Version 17.0.1.132 Build 20161005
Copyright (C) 1985-2016 Intel Corporation.  All rights reserved.

Intel(R) Fortran Intel(R) 64 Compiler for applications running on Intel(R) 64, Version 17.0.1.132 Build 20161005
Copyright (C) 1985-2016 Intel Corporation.  All rights reserved.
Intel(R) Fortran Intel(R) 64 Compiler for applications running on Intel(R) 64, Version 17.0.1.132 Build 20161005
Copyright (C) 1985-2016 Intel Corporation.  All rights reserved.
Intel(R) Fortran Intel(R) 64 Compiler for applications running on Intel(R) 64, Version 17.0.1.132 Build 20161005
Copyright (C) 1985-2016 Intel Corporation.  All rights reserved.
Intel(R) Fortran Intel(R) 64 Compiler for applications running on Intel(R) 64, Version 17.0.1.132 Build 20161005
Copyright (C) 1985-2016 Intel Corporation.  All rights reserved.




Intel(R) Fortran Intel(R) 64 Compiler for applications running on Intel(R) 64, Version 17.0.1.132 Build 20161005
Copyright (C) 1985-2016 Intel Corporation.  All rights reserved.

Intel(R) Fortran Intel(R) 64 Compiler for applications running on Intel(R) 64, Version 17.0.1.132 Build 20161005
Copyright (C) 1985-2016 Intel Corporation.  All rights reserved.

 Intel(R) Fortran 17.0-1632
 Intel(R) Fortran 17.0-1632
 Intel(R) Fortran 17.0-1632
 Intel(R) Fortran 17.0-1632
 Intel(R) Fortran 17.0-1632
 Intel(R) Fortran 17.0-1632
 Intel(R) Fortran 17.0-1632
 Intel(R) Fortran 17.0-1632
 Intel(R) Fortran 17.0-1632
 Intel(R) Fortran 17.0-1632
NODEMM.f(36): (col. 18) remark: node_ has been targeted for automatic cpu dispatch
NODEMM.f(36): (col. 18) remark: node_ has been targeted for automatic cpu dispatch
NODEMM.f(36): (col. 18) remark: node_ has been targeted for automatic cpu dispatch
NODEMM.f(36): (col. 18) remark: node_ has been targeted for automatic cpu dispatch
NODEMM.f(36): (col. 18) remark: node_ has been targeted for automatic cpu dispatch
NODEMM.f(36): (col. 18) remark: node_ has been targeted for automatic cpu dispatch
NODEMM.f(36): (col. 18) remark: node_ has been targeted for automatic cpu dispatch
NODEMM.f(36): (col. 18) remark: node_ has been targeted for automatic cpu dispatch
NODEMM.f(36): (col. 18) remark: node_ has been targeted for automatic cpu dispatch
NODEMM.f(36): (col. 18) remark: node_ has been targeted for automatic cpu dispatch
NODEMM.f(450): (col. 18) remark: node_IP_nn_ has been targeted for automatic cpu dispatch
NODEMM.f(450): (col. 18) remark: node_IP_nn_ has been targeted for automatic cpu dispatch
NODEMM.f(450): (col. 18) remark: node_IP_nn_ has been targeted for automatic cpu dispatch
NODEMM.f(450): (col. 18) remark: node_IP_nn_ has been targeted for automatic cpu dispatch
NODEMM.f(450): (col. 18) remark: node_IP_nn_ has been targeted for automatic cpu dispatch
NODEMM.f(450): (col. 18) remark: node_IP_nn_ has been targeted for automatic cpu dispatch
NODEMM.f(450): (col. 18) remark: node_IP_nn_ has been targeted for automatic cpu dispatch
NODEMM.f(450): (col. 18) remark: node_IP_nn_ has been targeted for automatic cpu dispatch
NODEMM.f(450): (col. 18) remark: node_IP_nn_ has been targeted for automatic cpu dispatch
NODEMM.f(450): (col. 18) remark: node_IP_nn_ has been targeted for automatic cpu dispatch
End Compiling Abaqus/Standard User Subroutines
Begin Linking Abaqus/Standard User Subroutines
End Compiling Abaqus/Standard User Subroutines
Begin Linking Abaqus/Standard User Subroutines
End Compiling Abaqus/Standard User Subroutines
Begin Linking Abaqus/Standard User Subroutines
End Compiling Abaqus/Standard User Subroutines
Begin Linking Abaqus/Standard User Subroutines
End Compiling Abaqus/Standard User Subroutines
Begin Linking Abaqus/Standard User Subroutines
End Compiling Abaqus/Standard User Subroutines
Begin Linking Abaqus/Standard User Subroutines
End Compiling Abaqus/Standard User Subroutines
End Compiling Abaqus/Standard User Subroutines
Begin Linking Abaqus/Standard User Subroutines
End Compiling Abaqus/Standard User Subroutines
Begin Linking Abaqus/Standard User Subroutines
Begin Linking Abaqus/Standard User Subroutines
End Compiling Abaqus/Standard User Subroutines
Begin Linking Abaqus/Standard User Subroutines
Intel(R) Fortran Intel(R) 64 Compiler for applications running on Intel(R) 64, Version 17.0.1.132 Build 20161005
Copyright (C) 1985-2016 Intel Corporation.  All rights reserved.

Intel(R) Fortran Intel(R) 64 Compiler for applications running on Intel(R) 64, Version 17.0.1.132 Build 20161005
Copyright (C) 1985-2016 Intel Corporation.  All rights reserved.

Intel(R) Fortran Intel(R) 64 Compiler for applications running on Intel(R) 64, Version 17.0.1.132 Build 20161005
Copyright (C) 1985-2016 Intel Corporation.  All rights reserved.

Intel(R) Fortran Intel(R) 64 Compiler for applications running on Intel(R) 64, Version 17.0.1.132 Build 20161005
Copyright (C) 1985-2016 Intel Corporation.  All rights reserved.

Intel(R) Fortran Intel(R) 64 Compiler for applications running on Intel(R) 64, Version 17.0.1.132 Build 20161005
Copyright (C) 1985-2016 Intel Corporation.  All rights reserved.

Intel(R) Fortran Intel(R) 64 Compiler for applications running on Intel(R) 64, Version 17.0.1.132 Build 20161005
Copyright (C) 1985-2016 Intel Corporation.  All rights reserved.

Intel(R) Fortran Intel(R) 64 Compiler for applications running on Intel(R) 64, Version 17.0.1.132 Build 20161005
Copyright (C) 1985-2016 Intel Corporation.  All rights reserved.

Intel(R) Fortran Intel(R) 64 Compiler for applications running on Intel(R) 64, Version 17.0.1.132 Build 20161005
Copyright (C) 1985-2016 Intel Corporation.  All rights reserved.
Intel(R) Fortran Intel(R) 64 Compiler for applications running on Intel(R) 64, Version 17.0.1.132 Build 20161005
Copyright (C) 1985-2016 Intel Corporation.  All rights reserved.

Intel(R) Fortran Intel(R) 64 Compiler for applications running on Intel(R) 64, Version 17.0.1.132 Build 20161005
Copyright (C) 1985-2016 Intel Corporation.  All rights reserved.


GNU ld version 2.27-44.base.el7_9.1
End Linking Abaqus/Standard User Subroutines
Wed 28 Jun 2023 06:55:56 PM EDT
Begin Analysis Input File Processor
Wed 28 Jun 2023 06:55:56 PM EDT
Run pre
GNU ld version 2.27-44.base.el7_9.1
End Linking Abaqus/Standard User Subroutines
Wed 28 Jun 2023 06:55:56 PM EDT
Begin Analysis Input File Processor
Wed 28 Jun 2023 06:55:56 PM EDT
Run pre
GNU ld version 2.27-44.base.el7_9.1
End Linking Abaqus/Standard User Subroutines
Wed 28 Jun 2023 06:55:56 PM EDT
Begin Analysis Input File Processor
Wed 28 Jun 2023 06:55:56 PM EDT
Run pre
GNU ld version 2.27-44.base.el7_9.1
GNU ld version 2.27-44.base.el7_9.1
GNU ld version 2.27-44.base.el7_9.1
GNU ld version 2.27-44.base.el7_9.1
GNU ld version 2.27-44.base.el7_9.1
GNU ld version 2.27-44.base.el7_9.1
End Linking Abaqus/Standard User Subroutines
Wed 28 Jun 2023 06:55:56 PM EDT
Begin Analysis Input File Processor
Wed 28 Jun 2023 06:55:56 PM EDT
End Linking Abaqus/Standard User Subroutines
Wed 28 Jun 2023 06:55:56 PM EDT
Begin Analysis Input File Processor
Wed 28 Jun 2023 06:55:56 PM EDT
End Linking Abaqus/Standard User Subroutines
Wed 28 Jun 2023 06:55:56 PM EDT
Begin Analysis Input File Processor
Wed 28 Jun 2023 06:55:56 PM EDT
Run pre
Run pre
Run pre
End Linking Abaqus/Standard User Subroutines
Wed 28 Jun 2023 06:55:56 PM EDT
Begin Analysis Input File Processor
Wed 28 Jun 2023 06:55:56 PM EDT
End Linking Abaqus/Standard User Subroutines
Wed 28 Jun 2023 06:55:56 PM EDT
Begin Analysis Input File Processor
Wed 28 Jun 2023 06:55:56 PM EDT
End Linking Abaqus/Standard User Subroutines
Wed 28 Jun 2023 06:55:56 PM EDT
Begin Analysis Input File Processor
Wed 28 Jun 2023 06:55:56 PM EDT
Run pre
Run pre
Run pre
GNU ld version 2.27-44.base.el7_9.1
End Linking Abaqus/Standard User Subroutines
Wed 28 Jun 2023 06:55:56 PM EDT
Begin Analysis Input File Processor
Wed 28 Jun 2023 06:55:56 PM EDT
Run pre
Wed 28 Jun 2023 06:56:09 PM EDT
End Analysis Input File Processor
Begin Abaqus/Standard Analysis
Wed 28 Jun 2023 06:56:09 PM EDT
Run standard
Wed 28 Jun 2023 06:56:09 PM EDT
End Analysis Input File Processor
Begin Abaqus/Standard Analysis
Wed 28 Jun 2023 06:56:09 PM EDT
Run standard
Wed 28 Jun 2023 06:56:09 PM EDT
End Analysis Input File Processor
Begin Abaqus/Standard Analysis
Wed 28 Jun 2023 06:56:09 PM EDT
Run standard
Wed 28 Jun 2023 06:56:09 PM EDT
End Analysis Input File Processor
Begin Abaqus/Standard Analysis
Wed 28 Jun 2023 06:56:09 PM EDT
Run standard
Wed 28 Jun 2023 06:56:09 PM EDT
End Analysis Input File Processor
Begin Abaqus/Standard Analysis
Wed 28 Jun 2023 06:56:09 PM EDT
Run standard
Wed 28 Jun 2023 06:56:09 PM EDT
Wed 28 Jun 2023 06:56:09 PM EDT
End Analysis Input File Processor
End Analysis Input File Processor
Begin Abaqus/Standard Analysis
Wed 28 Jun 2023 06:56:09 PM EDT
Begin Abaqus/Standard Analysis
Wed 28 Jun 2023 06:56:09 PM EDT
Run standard
Run standard
Wed 28 Jun 2023 06:56:09 PM EDT
End Analysis Input File Processor
Begin Abaqus/Standard Analysis
Wed 28 Jun 2023 06:56:09 PM EDT
Run standard
Wed 28 Jun 2023 06:56:09 PM EDT
End Analysis Input File Processor
Begin Abaqus/Standard Analysis
Wed 28 Jun 2023 06:56:09 PM EDT
Run standard
Wed 28 Jun 2023 06:56:09 PM EDT
End Analysis Input File Processor
Begin Abaqus/Standard Analysis
Wed 28 Jun 2023 06:56:09 PM EDT
Run standard
Wed 28 Jun 2023 06:56:18 PM EDT
End Abaqus/Standard Analysis
Wed 28 Jun 2023 06:56:18 PM EDT
Wed 28 Jun 2023 06:56:18 PM EDT
End Abaqus/Standard Analysis
End Abaqus/Standard Analysis
Wed 28 Jun 2023 06:56:18 PM EDT
End Abaqus/Standard Analysis
Wed 28 Jun 2023 06:56:18 PM EDT
End Abaqus/Standard Analysis
Begin SIM Wrap-up
Wed 28 Jun 2023 06:56:18 PM EDT
Run SMASimUtility
Wed 28 Jun 2023 06:56:18 PM EDT
End Abaqus/Standard Analysis
Begin SIM Wrap-up
Wed 28 Jun 2023 06:56:18 PM EDT
Run SMASimUtility
Begin SIM Wrap-up
Wed 28 Jun 2023 06:56:18 PM EDT
Run SMASimUtility
Wed 28 Jun 2023 06:56:18 PM EDT
End SIM Wrap-up
Wed 28 Jun 2023 06:56:18 PM EDT
End Abaqus/Standard Analysis
Wed 28 Jun 2023 06:56:18 PM EDT
End Abaqus/Standard Analysis
Abaqus JOB PP_fine_filleted_sgmmsr_0.08_lenscale_0.15_init_10 COMPLETED
Wed 28 Jun 2023 06:56:18 PM EDT
End Abaqus/Standard Analysis
Begin SIM Wrap-up
Wed 28 Jun 2023 06:56:18 PM EDT
Run SMASimUtility
Begin SIM Wrap-up
Wed 28 Jun 2023 06:56:18 PM EDT
Run SMASimUtility
Wed 28 Jun 2023 06:56:18 PM EDT
End SIM Wrap-up
Wed 28 Jun 2023 06:56:18 PM EDT
End SIM Wrap-up
Abaqus JOB PP_fine_filleted_sgmmsr_0.08_lenscale_0.15_init_9 COMPLETED
Abaqus JOB PP_fine_filleted_sgmmsr_0.08_lenscale_0.15_init_5 COMPLETED
Begin SIM Wrap-up
Wed 28 Jun 2023 06:56:18 PM EDT
Run SMASimUtility
Begin SIM Wrap-up
Wed 28 Jun 2023 06:56:18 PM EDT
Run SMASimUtility
Wed 28 Jun 2023 06:56:18 PM EDT
End Abaqus/Standard Analysis
Wed 28 Jun 2023 06:56:18 PM EDT
End SIM Wrap-up
Begin SIM Wrap-up
Wed 28 Jun 2023 06:56:18 PM EDT
Run SMASimUtility
Wed 28 Jun 2023 06:56:18 PM EDT
End SIM Wrap-up
Abaqus JOB PP_fine_filleted_sgmmsr_0.08_lenscale_0.15_init_3 COMPLETED
Begin SIM Wrap-up
Wed 28 Jun 2023 06:56:18 PM EDT
Run SMASimUtility
Abaqus JOB PP_fine_filleted_sgmmsr_0.08_lenscale_0.15_init_2 COMPLETED
Wed 28 Jun 2023 06:56:18 PM EDT
End SIM Wrap-up
Abaqus JOB PP_fine_filleted_sgmmsr_0.08_lenscale_0.15_init_8 COMPLETED
Wed 28 Jun 2023 06:56:18 PM EDT
End SIM Wrap-up
Wed 28 Jun 2023 06:56:18 PM EDT
End SIM Wrap-up
Abaqus JOB PP_fine_filleted_sgmmsr_0.08_lenscale_0.15_init_1 COMPLETED
Abaqus JOB PP_fine_filleted_sgmmsr_0.08_lenscale_0.15_init_6 COMPLETED
Wed 28 Jun 2023 06:56:18 PM EDT
End SIM Wrap-up
Abaqus JOB PP_fine_filleted_sgmmsr_0.08_lenscale_0.15_init_7 COMPLETED
Begin SIM Wrap-up
Wed 28 Jun 2023 06:56:18 PM EDT
Run SMASimUtility
Wed 28 Jun 2023 06:56:18 PM EDT
End SIM Wrap-up
Abaqus JOB PP_fine_filleted_sgmmsr_0.08_lenscale_0.15_init_4 COMPLETED
