Analysis initiated from SIMULIA established products
Abaqus JOB cranium1
Abaqus 2020
Abaqus License Manager checked out the following licenses:
Abaqus/Standard checked out 19 tokens from Flexnet server mooring.ecn.purdue.edu.
<2338 out of 2978 licenses remain available>.
Begin Compiling Abaqus/Standard User Subroutines
Tue 18 Jan 2022 11:46:23 PM EST
Intel(R) Fortran Intel(R) 64 Compiler for applications running on Intel(R) 64, Version 17.0.1.132 Build 20161005
Copyright (C) 1985-2016 Intel Corporation.  All rights reserved.

 Intel(R) Fortran 17.0-1632
NODEMM.f(26): (col. 18) remark: node_ has been targeted for automatic cpu dispatch
NODEMM.f(359): (col. 18) remark: node_IP_nn_ has been targeted for automatic cpu dispatch
End Compiling Abaqus/Standard User Subroutines
Begin Linking Abaqus/Standard User Subroutines
Intel(R) Fortran Intel(R) 64 Compiler for applications running on Intel(R) 64, Version 17.0.1.132 Build 20161005
Copyright (C) 1985-2016 Intel Corporation.  All rights reserved.

GNU ld version 2.27-41.base.el7_7.1
End Linking Abaqus/Standard User Subroutines
Tue 18 Jan 2022 11:46:27 PM EST
Begin Analysis Input File Processor
Tue 18 Jan 2022 11:46:27 PM EST
Run pre
Tue 18 Jan 2022 11:46:37 PM EST
End Analysis Input File Processor
Begin Abaqus/Standard Analysis
Tue 18 Jan 2022 11:46:37 PM EST
Run standard
Tue 18 Jan 2022 11:56:17 PM EST
End Abaqus/Standard Analysis
Begin SIM Wrap-up
Tue 18 Jan 2022 11:56:17 PM EST
Run SMASimUtility
Tue 18 Jan 2022 11:56:18 PM EST
End SIM Wrap-up
Abaqus JOB cranium1 COMPLETED
