Analysis initiated from SIMULIA established products
Abaqus JOB uniaxial_2D_L_coarse_lenscale_0.6_5
Abaqus 2020
Analysis initiated from SIMULIA established products
Abaqus JOB uniaxial_2D_L_coarse_lenscale_0.2_8
Abaqus 2020
Abaqus License Manager checked out the following licenses:
Abaqus/Standard checked out 8 tokens from Flexnet server mooring.ecn.purdue.edu.
<2465 out of 3272 licenses remain available>.
Abaqus License Manager checked out the following licenses:
Abaqus/Standard checked out 8 tokens from Flexnet server mooring.ecn.purdue.edu.
<2457 out of 3272 licenses remain available>.
Begin Compiling Abaqus/Standard User Subroutines
Mon 12 Jun 2023 04:57:52 PM EDT
Begin Compiling Abaqus/Standard User Subroutines
Mon 12 Jun 2023 04:57:52 PM EDT
Analysis initiated from SIMULIA established products
Analysis initiated from SIMULIA established products
Analysis initiated from SIMULIA established products
Analysis initiated from SIMULIA established products
Analysis initiated from SIMULIA established products
Analysis initiated from SIMULIA established products
Analysis initiated from SIMULIA established products
Analysis initiated from SIMULIA established products
Analysis initiated from SIMULIA established products
Analysis initiated from SIMULIA established products
Analysis initiated from SIMULIA established products
Analysis initiated from SIMULIA established products
Abaqus JOB uniaxial_2D_L_coarse_lenscale_0.6_6
Abaqus 2020
Analysis initiated from SIMULIA established products
Abaqus JOB uniaxial_2D_L_coarse_lenscale_0.6_2
Abaqus 2020
Analysis initiated from SIMULIA established products
Analysis initiated from SIMULIA established products
Analysis initiated from SIMULIA established products
Analysis initiated from SIMULIA established products
Analysis initiated from SIMULIA established products
Analysis initiated from SIMULIA established products
Analysis initiated from SIMULIA established products
Analysis initiated from SIMULIA established products
Abaqus JOB uniaxial_2D_L_coarse_lenscale_0.4_4
Abaqus JOB uniaxial_2D_L_coarse_lenscale_0.4_9
Abaqus JOB uniaxial_2D_L_coarse_lenscale_0.4_10
Abaqus 2020
Abaqus 2020
Abaqus JOB uniaxial_2D_L_coarse_lenscale_0.4_7
Abaqus 2020
Abaqus 2020
Abaqus JOB uniaxial_2D_L_coarse_lenscale_0.4_1
Abaqus 2020
Abaqus JOB uniaxial_2D_L_coarse_lenscale_0.2_3
Abaqus 2020
Abaqus JOB uniaxial_2D_L_coarse_lenscale_0.2_4
Abaqus 2020
Abaqus JOB uniaxial_2D_L_coarse_lenscale_0.2_7
Abaqus 2020
Abaqus JOB uniaxial_2D_L_coarse_lenscale_0.6_7
Abaqus 2020
Abaqus JOB uniaxial_2D_L_coarse_lenscale_0.6_3
Abaqus 2020
Analysis initiated from SIMULIA established products
Abaqus JOB uniaxial_2D_L_coarse_lenscale_0.4_3
Abaqus 2020
Abaqus JOB uniaxial_2D_L_coarse_lenscale_0.4_6
Abaqus JOB uniaxial_2D_L_coarse_lenscale_0.4_5
Abaqus JOB uniaxial_2D_L_coarse_lenscale_0.4_8
Abaqus 2020
Abaqus 2020
Abaqus 2020
Abaqus JOB uniaxial_2D_L_coarse_lenscale_0.6_9
Abaqus 2020
Abaqus JOB uniaxial_2D_L_coarse_lenscale_0.2_2
Abaqus 2020
Abaqus JOB uniaxial_2D_L_coarse_lenscale_0.2_6
Abaqus 2020
Abaqus JOB uniaxial_2D_L_coarse_lenscale_0.6_8
Abaqus 2020
Abaqus JOB uniaxial_2D_L_coarse_lenscale_0.6_10
Abaqus 2020
Analysis initiated from SIMULIA established products
Analysis initiated from SIMULIA established products
Analysis initiated from SIMULIA established products
Analysis initiated from SIMULIA established products
Analysis initiated from SIMULIA established products
Abaqus JOB uniaxial_2D_L_coarse_lenscale_0.2_1
Abaqus 2020
Abaqus JOB uniaxial_2D_L_coarse_lenscale_0.2_9
Abaqus JOB uniaxial_2D_L_coarse_lenscale_0.2_5
Abaqus JOB uniaxial_2D_L_coarse_lenscale_0.6_4
Abaqus JOB uniaxial_2D_L_coarse_lenscale_0.2_10
Abaqus 2020
Abaqus 2020
Abaqus 2020
Abaqus 2020
Abaqus JOB uniaxial_2D_L_coarse_lenscale_0.4_2
Abaqus 2020
Analysis initiated from SIMULIA established products
Abaqus JOB uniaxial_2D_L_coarse_lenscale_0.6_1
Abaqus 2020
"standard" license request queued for the License Server. 
Total time in queue: 0 seconds.
Abaqus License Manager checked out the following licenses:
Abaqus License Manager checked out the following licenses:
Abaqus License Manager checked out the following licenses:
Abaqus License Manager checked out the following licenses:
Abaqus License Manager checked out the following licenses:
Abaqus License Manager checked out the following licenses:
Abaqus License Manager checked out the following licenses:
Abaqus License Manager checked out the following licenses:
Abaqus License Manager checked out the following licenses:
Abaqus License Manager checked out the following licenses:
Abaqus License Manager checked out the following licenses:
Abaqus/Standard checked out 8 tokens from Flexnet server mooring.ecn.purdue.edu.
Abaqus/Standard checked out 8 tokens from Flexnet server mooring.ecn.purdue.edu.
Abaqus License Manager checked out the following licenses:
<2306 out of 3272 licenses remain available>.
Abaqus License Manager checked out the following licenses:
Abaqus License Manager checked out the following licenses:
Abaqus/Standard checked out 8 tokens from Flexnet server mooring.ecn.purdue.edu.
<2306 out of 3272 licenses remain available>.
Abaqus/Standard checked out 8 tokens from Flexnet server mooring.ecn.purdue.edu.
Abaqus/Standard checked out 8 tokens from Flexnet server mooring.ecn.purdue.edu.
Abaqus/Standard checked out 8 tokens from Flexnet server mooring.ecn.purdue.edu.
Abaqus License Manager checked out the following licenses:
Abaqus/Standard checked out 8 tokens from Flexnet server mooring.ecn.purdue.edu.
Abaqus/Standard checked out 8 tokens from Flexnet server mooring.ecn.purdue.edu.
Abaqus/Standard checked out 8 tokens from Flexnet server mooring.ecn.purdue.edu.
Abaqus/Standard checked out 8 tokens from Flexnet server mooring.ecn.purdue.edu.
Abaqus License Manager checked out the following licenses:
Abaqus License Manager checked out the following licenses:
<2306 out of 3272 licenses remain available>.
Abaqus/Standard checked out 8 tokens from Flexnet server mooring.ecn.purdue.edu.
<2306 out of 3272 licenses remain available>.
<2306 out of 3272 licenses remain available>.
<2306 out of 3272 licenses remain available>.
Abaqus/Standard checked out 8 tokens from Flexnet server mooring.ecn.purdue.edu.
<2306 out of 3272 licenses remain available>.
Abaqus/Standard checked out 8 tokens from Flexnet server mooring.ecn.purdue.edu.
<2306 out of 3272 licenses remain available>.
<2306 out of 3272 licenses remain available>.
Abaqus/Standard checked out 8 tokens from Flexnet server mooring.ecn.purdue.edu.
<2306 out of 3272 licenses remain available>.
<2306 out of 3272 licenses remain available>.
Abaqus/Standard checked out 8 tokens from Flexnet server mooring.ecn.purdue.edu.
Abaqus/Standard checked out 8 tokens from Flexnet server mooring.ecn.purdue.edu.
Abaqus/Standard checked out 8 tokens from Flexnet server mooring.ecn.purdue.edu.
<2306 out of 3272 licenses remain available>.
<2306 out of 3272 licenses remain available>.
<2306 out of 3272 licenses remain available>.
<2306 out of 3272 licenses remain available>.
<2306 out of 3272 licenses remain available>.
<2306 out of 3272 licenses remain available>.
Begin Compiling Abaqus/Standard User Subroutines
Mon 12 Jun 2023 04:58:00 PM EDT
Begin Compiling Abaqus/Standard User Subroutines
Mon 12 Jun 2023 04:58:00 PM EDT
Begin Compiling Abaqus/Standard User Subroutines
Mon 12 Jun 2023 04:58:00 PM EDT
Begin Compiling Abaqus/Standard User Subroutines
Mon 12 Jun 2023 04:58:00 PM EDT
Begin Compiling Abaqus/Standard User Subroutines
Begin Compiling Abaqus/Standard User Subroutines
Mon 12 Jun 2023 04:58:00 PM EDT
Mon 12 Jun 2023 04:58:00 PM EDT
Begin Compiling Abaqus/Standard User Subroutines
Mon 12 Jun 2023 04:58:00 PM EDT
Begin Compiling Abaqus/Standard User Subroutines
Begin Compiling Abaqus/Standard User Subroutines
Begin Compiling Abaqus/Standard User Subroutines
Mon 12 Jun 2023 04:58:00 PM EDT
Mon 12 Jun 2023 04:58:00 PM EDT
Mon 12 Jun 2023 04:58:00 PM EDT
Begin Compiling Abaqus/Standard User Subroutines
Mon 12 Jun 2023 04:58:00 PM EDT
Begin Compiling Abaqus/Standard User Subroutines
Begin Compiling Abaqus/Standard User Subroutines
Mon 12 Jun 2023 04:58:00 PM EDT
Mon 12 Jun 2023 04:58:00 PM EDT
Begin Compiling Abaqus/Standard User Subroutines
Mon 12 Jun 2023 04:58:00 PM EDT
Begin Compiling Abaqus/Standard User Subroutines
Mon 12 Jun 2023 04:58:00 PM EDT
Begin Compiling Abaqus/Standard User Subroutines
Mon 12 Jun 2023 04:58:00 PM EDT
Begin Compiling Abaqus/Standard User Subroutines
Mon 12 Jun 2023 04:58:00 PM EDT
Abaqus License Manager checked out the following licenses:
"standard" license request queued for the License Server. 
Abaqus/Standard checked out 8 tokens from Flexnet server mooring.ecn.purdue.edu.
Total time in queue: 0 seconds.
<2306 out of 3272 licenses remain available>.
"standard" license request queued for the License Server. 
Abaqus License Manager checked out the following licenses:
Total time in queue: 0 seconds.
Abaqus License Manager checked out the following licenses:
"standard" license request queued for the License Server. 
Abaqus/Standard checked out 8 tokens from Flexnet server mooring.ecn.purdue.edu.
Abaqus License Manager checked out the following licenses:
<2306 out of 3272 licenses remain available>.
Abaqus License Manager checked out the following licenses:
Abaqus/Standard checked out 8 tokens from Flexnet server mooring.ecn.purdue.edu.
Total time in queue: 0 seconds.
Abaqus/Standard checked out 8 tokens from Flexnet server mooring.ecn.purdue.edu.
<2306 out of 3272 licenses remain available>.
Abaqus License Manager checked out the following licenses:
Abaqus/Standard checked out 8 tokens from Flexnet server mooring.ecn.purdue.edu.
<2306 out of 3272 licenses remain available>.
<2306 out of 3272 licenses remain available>.
Abaqus/Standard checked out 8 tokens from Flexnet server mooring.ecn.purdue.edu.
<2306 out of 3272 licenses remain available>.
Begin Compiling Abaqus/Standard User Subroutines
Mon 12 Jun 2023 04:58:01 PM EDT
Begin Compiling Abaqus/Standard User Subroutines
Mon 12 Jun 2023 04:58:01 PM EDT
Begin Compiling Abaqus/Standard User Subroutines
Mon 12 Jun 2023 04:58:01 PM EDT
Begin Compiling Abaqus/Standard User Subroutines
Mon 12 Jun 2023 04:58:01 PM EDT
Begin Compiling Abaqus/Standard User Subroutines
Mon 12 Jun 2023 04:58:01 PM EDT
Begin Compiling Abaqus/Standard User Subroutines
Mon 12 Jun 2023 04:58:01 PM EDT
"standard" license request queued for the License Server. 
Total time in queue: 1 seconds.
"standard" license request queued for the License Server. 
Total time in queue: 30 seconds.
"standard" license request queued for the License Server. 
Total time in queue: 30 seconds.
"standard" license request queued for the License Server. 
Total time in queue: 30 seconds.
"standard" license request queued for the License Server. 
Total time in queue: 30 seconds.
"standard" license request queued for the License Server. 
Total time in queue: 31 seconds.
"standard" license request queued for the License Server. 
Total time in queue: 60 seconds.
"standard" license request queued for the License Server. 
Total time in queue: 60 seconds.
"standard" license request queued for the License Server. 
Total time in queue: 60 seconds.
"standard" license request queued for the License Server. 
Total time in queue: 60 seconds.
"standard" license request queued for the License Server. 
Total time in queue: 61 seconds.
"standard" license request queued for the License Server. 
Total time in queue: 90 seconds.
"standard" license request queued for the License Server. 
Total time in queue: 90 seconds.
"standard" license request queued for the License Server. 
Total time in queue: 90 seconds.
"standard" license request queued for the License Server. 
Total time in queue: 90 seconds.
"standard" license request queued for the License Server. 
Total time in queue: 91 seconds.
"standard" license request queued for the License Server. 
Total time in queue: 120 seconds.
"standard" license request queued for the License Server. 
Total time in queue: 120 seconds.
"standard" license request queued for the License Server. 
Total time in queue: 120 seconds.
"standard" license request queued for the License Server. 
Total time in queue: 120 seconds.
"standard" license request queued for the License Server. 
Total time in queue: 121 seconds.
"standard" license request queued for the License Server. 
Total time in queue: 150 seconds.
"standard" license request queued for the License Server. 
Total time in queue: 150 seconds.
"standard" license request queued for the License Server. 
Total time in queue: 150 seconds.
"standard" license request queued for the License Server. 
Total time in queue: 150 seconds.
"standard" license request queued for the License Server. 
Total time in queue: 151 seconds.
"standard" license request queued for the License Server. 
Total time in queue: 180 seconds.
"standard" license request queued for the License Server. 
Total time in queue: 180 seconds.
"standard" license request queued for the License Server. 
Total time in queue: 180 seconds.
"standard" license request queued for the License Server. 
Total time in queue: 180 seconds.
"standard" license request queued for the License Server. 
Total time in queue: 181 seconds.
"standard" license request queued for the License Server. 
Total time in queue: 210 seconds.
"standard" license request queued for the License Server. 
Total time in queue: 210 seconds.
"standard" license request queued for the License Server. 
Total time in queue: 210 seconds.
"standard" license request queued for the License Server. 
Total time in queue: 210 seconds.
"standard" license request queued for the License Server. 
Total time in queue: 211 seconds.
"standard" license request queued for the License Server. 
Total time in queue: 240 seconds.
"standard" license request queued for the License Server. 
Total time in queue: 240 seconds.
"standard" license request queued for the License Server. 
Total time in queue: 240 seconds.
"standard" license request queued for the License Server. 
Total time in queue: 240 seconds.
"standard" license request queued for the License Server. 
Total time in queue: 241 seconds.
"standard" license request queued for the License Server. 
Total time in queue: 270 seconds.
"standard" license request queued for the License Server. 
Total time in queue: 270 seconds.
"standard" license request queued for the License Server. 
Total time in queue: 270 seconds.
"standard" license request queued for the License Server. 
Total time in queue: 270 seconds.
"standard" license request queued for the License Server. 
Total time in queue: 271 seconds.
Intel(R) Fortran Intel(R) 64 Compiler for applications running on Intel(R) 64, Version 17.0.1.132 Build 20161005
Copyright (C) 1985-2016 Intel Corporation.  All rights reserved.

 Intel(R) Fortran 17.0-1632
NODEMM.f(36): (col. 18) remark: node_ has been targeted for automatic cpu dispatch
NODEMM.f(522): (col. 18) remark: node_IP_nn_ has been targeted for automatic cpu dispatch
End Compiling Abaqus/Standard User Subroutines
Begin Linking Abaqus/Standard User Subroutines
Intel(R) Fortran Intel(R) 64 Compiler for applications running on Intel(R) 64, Version 17.0.1.132 Build 20161005
Copyright (C) 1985-2016 Intel Corporation.  All rights reserved.

GNU ld version 2.27-44.base.el7_9.1
End Linking Abaqus/Standard User Subroutines
Mon 12 Jun 2023 05:02:33 PM EDT
Begin Analysis Input File Processor
Mon 12 Jun 2023 05:02:33 PM EDT
Run pre
Mon 12 Jun 2023 05:02:39 PM EDT
End Analysis Input File Processor
Begin Abaqus/Standard Analysis
Mon 12 Jun 2023 05:02:39 PM EDT
Run standard
Mon 12 Jun 2023 05:02:57 PM EDT
End Abaqus/Standard Analysis
Begin SIM Wrap-up
Mon 12 Jun 2023 05:02:59 PM EDT
Run SMASimUtility
Mon 12 Jun 2023 05:02:59 PM EDT
End SIM Wrap-up
Abaqus JOB uniaxial_2D_L_coarse_lenscale_0.6_6 COMPLETED
"standard" license request queued for the License Server. 
Total time in queue: 300 seconds.
"standard" license request queued for the License Server. 
Total time in queue: 300 seconds.
"standard" license request queued for the License Server. 
Total time in queue: 300 seconds.
"standard" license request queued for the License Server. 
Total time in queue: 301 seconds.
Intel(R) Fortran Intel(R) 64 Compiler for applications running on Intel(R) 64, Version 17.0.1.132 Build 20161005
Copyright (C) 1985-2016 Intel Corporation.  All rights reserved.
Intel(R) Fortran Intel(R) 64 Compiler for applications running on Intel(R) 64, Version 17.0.1.132 Build 20161005
Copyright (C) 1985-2016 Intel Corporation.  All rights reserved.


Intel(R) Fortran Intel(R) 64 Compiler for applications running on Intel(R) 64, Version 17.0.1.132 Build 20161005
Copyright (C) 1985-2016 Intel Corporation.  All rights reserved.
Intel(R) Fortran Intel(R) 64 Compiler for applications running on Intel(R) 64, Version 17.0.1.132 Build 20161005
Copyright (C) 1985-2016 Intel Corporation.  All rights reserved.


 Intel(R) Fortran 17.0-1632
 Intel(R) Fortran 17.0-1632
 Intel(R) Fortran 17.0-1632
 Intel(R) Fortran 17.0-1632
NODEMM.f(36): (col. 18) remark: node_ has been targeted for automatic cpu dispatch
NODEMM.f(36): (col. 18) remark: node_ has been targeted for automatic cpu dispatch
NODEMM.f(36): (col. 18) remark: node_ has been targeted for automatic cpu dispatch
NODEMM.f(36): (col. 18) remark: node_ has been targeted for automatic cpu dispatch
NODEMM.f(522): (col. 18) remark: node_IP_nn_ has been targeted for automatic cpu dispatch
NODEMM.f(522): (col. 18) remark: node_IP_nn_ has been targeted for automatic cpu dispatch
NODEMM.f(522): (col. 18) remark: node_IP_nn_ has been targeted for automatic cpu dispatch
NODEMM.f(522): (col. 18) remark: node_IP_nn_ has been targeted for automatic cpu dispatch
End Compiling Abaqus/Standard User Subroutines
Begin Linking Abaqus/Standard User Subroutines
End Compiling Abaqus/Standard User Subroutines
Begin Linking Abaqus/Standard User Subroutines
End Compiling Abaqus/Standard User Subroutines
Begin Linking Abaqus/Standard User Subroutines
End Compiling Abaqus/Standard User Subroutines
Begin Linking Abaqus/Standard User Subroutines
Intel(R) Fortran Intel(R) 64 Compiler for applications running on Intel(R) 64, Version 17.0.1.132 Build 20161005
Copyright (C) 1985-2016 Intel Corporation.  All rights reserved.

Intel(R) Fortran Intel(R) 64 Compiler for applications running on Intel(R) 64, Version 17.0.1.132 Build 20161005
Copyright (C) 1985-2016 Intel Corporation.  All rights reserved.

Intel(R) Fortran Intel(R) 64 Compiler for applications running on Intel(R) 64, Version 17.0.1.132 Build 20161005
Copyright (C) 1985-2016 Intel Corporation.  All rights reserved.

Intel(R) Fortran Intel(R) 64 Compiler for applications running on Intel(R) 64, Version 17.0.1.132 Build 20161005
Copyright (C) 1985-2016 Intel Corporation.  All rights reserved.

Abaqus License Manager checked out the following licenses:
Abaqus/Standard checked out 8 tokens from Flexnet server mooring.ecn.purdue.edu.
<2279 out of 3272 licenses remain available>.
Begin Compiling Abaqus/Standard User Subroutines
Mon 12 Jun 2023 05:03:03 PM EDT
GNU ld version 2.27-44.base.el7_9.1
GNU ld version 2.27-44.base.el7_9.1
GNU ld version 2.27-44.base.el7_9.1
GNU ld version 2.27-44.base.el7_9.1
End Linking Abaqus/Standard User Subroutines
Mon 12 Jun 2023 05:03:04 PM EDT
End Linking Abaqus/Standard User Subroutines
Mon 12 Jun 2023 05:03:04 PM EDT
End Linking Abaqus/Standard User Subroutines
Mon 12 Jun 2023 05:03:04 PM EDT
Begin Analysis Input File Processor
Mon 12 Jun 2023 05:03:04 PM EDT
Begin Analysis Input File Processor
Mon 12 Jun 2023 05:03:04 PM EDT
End Linking Abaqus/Standard User Subroutines
Mon 12 Jun 2023 05:03:04 PM EDT
Begin Analysis Input File Processor
Mon 12 Jun 2023 05:03:04 PM EDT
Begin Analysis Input File Processor
Mon 12 Jun 2023 05:03:04 PM EDT
Run pre
Run pre
Run pre
Run pre
Mon 12 Jun 2023 05:03:10 PM EDT
End Analysis Input File Processor
Begin Abaqus/Standard Analysis
Mon 12 Jun 2023 05:03:10 PM EDT
Run standard
Mon 12 Jun 2023 05:03:10 PM EDT
End Analysis Input File Processor
Begin Abaqus/Standard Analysis
Mon 12 Jun 2023 05:03:10 PM EDT
End Analysis Input File Processor
Mon 12 Jun 2023 05:03:10 PM EDT
Begin Abaqus/Standard Analysis
Mon 12 Jun 2023 05:03:10 PM EDT
Run standard
Run standard
Mon 12 Jun 2023 05:03:10 PM EDT
End Analysis Input File Processor
Begin Abaqus/Standard Analysis
Mon 12 Jun 2023 05:03:10 PM EDT
Run standard
Mon 12 Jun 2023 05:03:30 PM EDT
End Abaqus/Standard Analysis
Mon 12 Jun 2023 05:03:30 PM EDT
End Abaqus/Standard Analysis
"standard" license request queued for the License Server. 
Total time in queue: 330 seconds.
"standard" license request queued for the License Server. 
Total time in queue: 330 seconds.
"standard" license request queued for the License Server. 
Total time in queue: 331 seconds.
Intel(R) Fortran Intel(R) 64 Compiler for applications running on Intel(R) 64, Version 17.0.1.132 Build 20161005
Copyright (C) 1985-2016 Intel Corporation.  All rights reserved.

Mon 12 Jun 2023 05:03:31 PM EDT
End Abaqus/Standard Analysis
Begin SIM Wrap-up
Mon 12 Jun 2023 05:03:31 PM EDT
Run SMASimUtility
Begin SIM Wrap-up
Mon 12 Jun 2023 05:03:31 PM EDT
Run SMASimUtility
Mon 12 Jun 2023 05:03:31 PM EDT
End SIM Wrap-up
Mon 12 Jun 2023 05:03:31 PM EDT
End SIM Wrap-up
Abaqus JOB uniaxial_2D_L_coarse_lenscale_0.6_3 COMPLETED
Abaqus JOB uniaxial_2D_L_coarse_lenscale_0.6_7 COMPLETED
 Intel(R) Fortran 17.0-1632
NODEMM.f(36): (col. 18) remark: node_ has been targeted for automatic cpu dispatch
NODEMM.f(522): (col. 18) remark: node_IP_nn_ has been targeted for automatic cpu dispatch
End Compiling Abaqus/Standard User Subroutines
Begin Linking Abaqus/Standard User Subroutines
Begin SIM Wrap-up
Mon 12 Jun 2023 05:03:32 PM EDT
Run SMASimUtility
Intel(R) Fortran Intel(R) 64 Compiler for applications running on Intel(R) 64, Version 17.0.1.132 Build 20161005
Copyright (C) 1985-2016 Intel Corporation.  All rights reserved.

Mon 12 Jun 2023 05:03:32 PM EDT
End SIM Wrap-up
Abaqus JOB uniaxial_2D_L_coarse_lenscale_0.4_3 COMPLETED
Abaqus License Manager checked out the following licenses:
Abaqus/Standard checked out 8 tokens from Flexnet server mooring.ecn.purdue.edu.
<2330 out of 3272 licenses remain available>.
Begin Compiling Abaqus/Standard User Subroutines
Mon 12 Jun 2023 05:03:32 PM EDT
GNU ld version 2.27-44.base.el7_9.1
End Linking Abaqus/Standard User Subroutines
Mon 12 Jun 2023 05:03:33 PM EDT
Begin Analysis Input File Processor
Mon 12 Jun 2023 05:03:33 PM EDT
Run pre
Mon 12 Jun 2023 05:03:33 PM EDT
End Abaqus/Standard Analysis
Intel(R) Fortran Intel(R) 64 Compiler for applications running on Intel(R) 64, Version 17.0.1.132 Build 20161005
Copyright (C) 1985-2016 Intel Corporation.  All rights reserved.

 Intel(R) Fortran 17.0-1632
NODEMM.f(36): (col. 18) remark: node_ has been targeted for automatic cpu dispatch
NODEMM.f(522): (col. 18) remark: node_IP_nn_ has been targeted for automatic cpu dispatch
End Compiling Abaqus/Standard User Subroutines
Begin Linking Abaqus/Standard User Subroutines
Intel(R) Fortran Intel(R) 64 Compiler for applications running on Intel(R) 64, Version 17.0.1.132 Build 20161005
Copyright (C) 1985-2016 Intel Corporation.  All rights reserved.

Begin SIM Wrap-up
Mon 12 Jun 2023 05:03:35 PM EDT
Run SMASimUtility
Mon 12 Jun 2023 05:03:35 PM EDT
End SIM Wrap-up
Abaqus JOB uniaxial_2D_L_coarse_lenscale_0.2_4 COMPLETED
GNU ld version 2.27-44.base.el7_9.1
End Linking Abaqus/Standard User Subroutines
Mon 12 Jun 2023 05:03:36 PM EDT
Begin Analysis Input File Processor
Mon 12 Jun 2023 05:03:36 PM EDT
Run pre
Mon 12 Jun 2023 05:03:39 PM EDT
End Analysis Input File Processor
Begin Abaqus/Standard Analysis
Mon 12 Jun 2023 05:03:39 PM EDT
Run standard
Mon 12 Jun 2023 05:03:41 PM EDT
End Analysis Input File Processor
Begin Abaqus/Standard Analysis
Mon 12 Jun 2023 05:03:41 PM EDT
Run standard
Intel(R) Fortran Intel(R) 64 Compiler for applications running on Intel(R) 64, Version 17.0.1.132 Build 20161005
Copyright (C) 1985-2016 Intel Corporation.  All rights reserved.

Mon 12 Jun 2023 05:03:53 PM EDT
End Abaqus/Standard Analysis
 Intel(R) Fortran 17.0-1632
NODEMM.f(36): (col. 18) remark: node_ has been targeted for automatic cpu dispatch
Begin SIM Wrap-up
Mon 12 Jun 2023 05:03:53 PM EDT
Run SMASimUtility
Mon 12 Jun 2023 05:03:53 PM EDT
End SIM Wrap-up
Abaqus JOB uniaxial_2D_L_coarse_lenscale_0.6_2 COMPLETED
NODEMM.f(522): (col. 18) remark: node_IP_nn_ has been targeted for automatic cpu dispatch
End Compiling Abaqus/Standard User Subroutines
Begin Linking Abaqus/Standard User Subroutines
Intel(R) Fortran Intel(R) 64 Compiler for applications running on Intel(R) 64, Version 17.0.1.132 Build 20161005
Copyright (C) 1985-2016 Intel Corporation.  All rights reserved.

GNU ld version 2.27-44.base.el7_9.1
End Linking Abaqus/Standard User Subroutines
Mon 12 Jun 2023 05:03:55 PM EDT
Begin Analysis Input File Processor
Mon 12 Jun 2023 05:03:55 PM EDT
Run pre
Abaqus License Manager checked out the following licenses:
Abaqus/Standard checked out 8 tokens from Flexnet server mooring.ecn.purdue.edu.
<2366 out of 3272 licenses remain available>.
Abaqus License Manager checked out the following licenses:
Abaqus/Standard checked out 8 tokens from Flexnet server mooring.ecn.purdue.edu.
<2366 out of 3272 licenses remain available>.
Begin Compiling Abaqus/Standard User Subroutines
Mon 12 Jun 2023 05:04:01 PM EDT
Begin Compiling Abaqus/Standard User Subroutines
Mon 12 Jun 2023 05:04:01 PM EDT
Intel(R) Fortran Intel(R) 64 Compiler for applications running on Intel(R) 64, Version 17.0.1.132 Build 20161005
Copyright (C) 1985-2016 Intel Corporation.  All rights reserved.

Mon 12 Jun 2023 05:04:01 PM EDT
End Analysis Input File Processor
Begin Abaqus/Standard Analysis
Mon 12 Jun 2023 05:04:01 PM EDT
Run standard
 Intel(R) Fortran 17.0-1632
NODEMM.f(36): (col. 18) remark: node_ has been targeted for automatic cpu dispatch
NODEMM.f(522): (col. 18) remark: node_IP_nn_ has been targeted for automatic cpu dispatch
End Compiling Abaqus/Standard User Subroutines
Begin Linking Abaqus/Standard User Subroutines
Intel(R) Fortran Intel(R) 64 Compiler for applications running on Intel(R) 64, Version 17.0.1.132 Build 20161005
Copyright (C) 1985-2016 Intel Corporation.  All rights reserved.

Abaqus License Manager checked out the following licenses:
Abaqus/Standard checked out 8 tokens from Flexnet server mooring.ecn.purdue.edu.
<2363 out of 3272 licenses remain available>.
Begin Compiling Abaqus/Standard User Subroutines
Mon 12 Jun 2023 05:04:02 PM EDT
 Intel(R) Fortran 17.0-1632
NODEMM.f(36): (col. 18) remark: node_ has been targeted for automatic cpu dispatch
NODEMM.f(522): (col. 18) remark: node_IP_nn_ has been targeted for automatic cpu dispatch
End Compiling Abaqus/Standard User Subroutines
Begin Linking Abaqus/Standard User Subroutines
Intel(R) Fortran Intel(R) 64 Compiler for applications running on Intel(R) 64, Version 17.0.1.132 Build 20161005
Copyright (C) 1985-2016 Intel Corporation.  All rights reserved.

GNU ld version 2.27-44.base.el7_9.1
End Linking Abaqus/Standard User Subroutines
Mon 12 Jun 2023 05:04:04 PM EDT
Begin Analysis Input File Processor
Mon 12 Jun 2023 05:04:04 PM EDT
Run pre
Mon 12 Jun 2023 05:04:08 PM EDT
End Abaqus/Standard Analysis
Begin SIM Wrap-up
Mon 12 Jun 2023 05:04:08 PM EDT
Run SMASimUtility
Mon 12 Jun 2023 05:04:08 PM EDT
End SIM Wrap-up
Abaqus JOB uniaxial_2D_L_coarse_lenscale_0.2_9 COMPLETED
Mon 12 Jun 2023 05:04:09 PM EDT
End Analysis Input File Processor
Begin Abaqus/Standard Analysis
Mon 12 Jun 2023 05:04:09 PM EDT
Run standard
Mon 12 Jun 2023 05:04:20 PM EDT
End Abaqus/Standard Analysis
Begin SIM Wrap-up
Mon 12 Jun 2023 05:04:21 PM EDT
Run SMASimUtility
Mon 12 Jun 2023 05:04:21 PM EDT
End SIM Wrap-up
Abaqus JOB uniaxial_2D_L_coarse_lenscale_0.6_5 COMPLETED
Intel(R) Fortran Intel(R) 64 Compiler for applications running on Intel(R) 64, Version 17.0.1.132 Build 20161005
Copyright (C) 1985-2016 Intel Corporation.  All rights reserved.

 Intel(R) Fortran 17.0-1632
NODEMM.f(36): (col. 18) remark: node_ has been targeted for automatic cpu dispatch
NODEMM.f(522): (col. 18) remark: node_IP_nn_ has been targeted for automatic cpu dispatch
End Compiling Abaqus/Standard User Subroutines
Begin Linking Abaqus/Standard User Subroutines
Intel(R) Fortran Intel(R) 64 Compiler for applications running on Intel(R) 64, Version 17.0.1.132 Build 20161005
Copyright (C) 1985-2016 Intel Corporation.  All rights reserved.

GNU ld version 2.27-44.base.el7_9.1
End Linking Abaqus/Standard User Subroutines
Mon 12 Jun 2023 05:04:25 PM EDT
Begin Analysis Input File Processor
Mon 12 Jun 2023 05:04:25 PM EDT
Run pre
Mon 12 Jun 2023 05:04:28 PM EDT
End Abaqus/Standard Analysis
Begin SIM Wrap-up
Mon 12 Jun 2023 05:04:28 PM EDT
Run SMASimUtility
Mon 12 Jun 2023 05:04:28 PM EDT
End SIM Wrap-up
Abaqus JOB uniaxial_2D_L_coarse_lenscale_0.2_7 COMPLETED
Mon 12 Jun 2023 05:04:30 PM EDT
End Analysis Input File Processor
Begin Abaqus/Standard Analysis
Mon 12 Jun 2023 05:04:30 PM EDT
Run standard
Intel(R) Fortran Intel(R) 64 Compiler for applications running on Intel(R) 64, Version 17.0.1.132 Build 20161005
Copyright (C) 1985-2016 Intel Corporation.  All rights reserved.

 Intel(R) Fortran 17.0-1632
NODEMM.f(36): (col. 18) remark: node_ has been targeted for automatic cpu dispatch
NODEMM.f(522): (col. 18) remark: node_IP_nn_ has been targeted for automatic cpu dispatch
End Compiling Abaqus/Standard User Subroutines
Begin Linking Abaqus/Standard User Subroutines
Intel(R) Fortran Intel(R) 64 Compiler for applications running on Intel(R) 64, Version 17.0.1.132 Build 20161005
Copyright (C) 1985-2016 Intel Corporation.  All rights reserved.

GNU ld version 2.27-44.base.el7_9.1
End Linking Abaqus/Standard User Subroutines
Mon 12 Jun 2023 05:04:33 PM EDT
Begin Analysis Input File Processor
Mon 12 Jun 2023 05:04:33 PM EDT
Run pre
Mon 12 Jun 2023 05:04:39 PM EDT
End Analysis Input File Processor
Begin Abaqus/Standard Analysis
Mon 12 Jun 2023 05:04:39 PM EDT
Run standard
Mon 12 Jun 2023 05:04:55 PM EDT
End Abaqus/Standard Analysis
Begin SIM Wrap-up
Mon 12 Jun 2023 05:04:55 PM EDT
Run SMASimUtility
Mon 12 Jun 2023 05:04:55 PM EDT
End SIM Wrap-up
Abaqus JOB uniaxial_2D_L_coarse_lenscale_0.2_8 COMPLETED
Mon 12 Jun 2023 05:04:58 PM EDT
End Abaqus/Standard Analysis
Begin SIM Wrap-up
Mon 12 Jun 2023 05:04:59 PM EDT
Run SMASimUtility
Mon 12 Jun 2023 05:04:59 PM EDT
End SIM Wrap-up
Abaqus JOB uniaxial_2D_L_coarse_lenscale_0.4_2 COMPLETED
Intel(R) Fortran Intel(R) 64 Compiler for applications running on Intel(R) 64, Version 17.0.1.132 Build 20161005
Intel(R) Fortran Intel(R) 64 Compiler for applications running on Intel(R) 64, Version 17.0.1.132 Build 20161005
Copyright (C) 1985-2016 Intel Corporation.  All rights reserved.
Copyright (C) 1985-2016 Intel Corporation.  All rights reserved.


Intel(R) Fortran Intel(R) 64 Compiler for applications running on Intel(R) 64, Version 17.0.1.132 Build 20161005
Copyright (C) 1985-2016 Intel Corporation.  All rights reserved.
Intel(R) Fortran Intel(R) 64 Compiler for applications running on Intel(R) 64, Version 17.0.1.132 Build 20161005
Copyright (C) 1985-2016 Intel Corporation.  All rights reserved.


Intel(R) Fortran Intel(R) 64 Compiler for applications running on Intel(R) 64, Version 17.0.1.132 Build 20161005
Copyright (C) 1985-2016 Intel Corporation.  All rights reserved.

Intel(R) Fortran Intel(R) 64 Compiler for applications running on Intel(R) 64, Version 17.0.1.132 Build 20161005
Copyright (C) 1985-2016 Intel Corporation.  All rights reserved.

 Intel(R) Fortran 17.0-1632
 Intel(R) Fortran 17.0-1632
 Intel(R) Fortran 17.0-1632
 Intel(R) Fortran 17.0-1632
 Intel(R) Fortran 17.0-1632
 Intel(R) Fortran 17.0-1632
NODEMM.f(36): (col. 18) remark: node_ has been targeted for automatic cpu dispatch
NODEMM.f(36): (col. 18) remark: node_ has been targeted for automatic cpu dispatch
NODEMM.f(36): (col. 18) remark: node_ has been targeted for automatic cpu dispatch
NODEMM.f(36): (col. 18) remark: node_ has been targeted for automatic cpu dispatch
NODEMM.f(36): (col. 18) remark: node_ has been targeted for automatic cpu dispatch
NODEMM.f(36): (col. 18) remark: node_ has been targeted for automatic cpu dispatch
NODEMM.f(522): (col. 18) remark: node_IP_nn_ has been targeted for automatic cpu dispatch
NODEMM.f(522): (col. 18) remark: node_IP_nn_ has been targeted for automatic cpu dispatch
NODEMM.f(522): (col. 18) remark: node_IP_nn_ has been targeted for automatic cpu dispatch
NODEMM.f(522): (col. 18) remark: node_IP_nn_ has been targeted for automatic cpu dispatch
NODEMM.f(522): (col. 18) remark: node_IP_nn_ has been targeted for automatic cpu dispatch
NODEMM.f(522): (col. 18) remark: node_IP_nn_ has been targeted for automatic cpu dispatch
End Compiling Abaqus/Standard User Subroutines
Begin Linking Abaqus/Standard User Subroutines
End Compiling Abaqus/Standard User Subroutines
Begin Linking Abaqus/Standard User Subroutines
End Compiling Abaqus/Standard User Subroutines
Begin Linking Abaqus/Standard User Subroutines
End Compiling Abaqus/Standard User Subroutines
End Compiling Abaqus/Standard User Subroutines
Begin Linking Abaqus/Standard User Subroutines
Begin Linking Abaqus/Standard User Subroutines
End Compiling Abaqus/Standard User Subroutines
Begin Linking Abaqus/Standard User Subroutines
Intel(R) Fortran Intel(R) 64 Compiler for applications running on Intel(R) 64, Version 17.0.1.132 Build 20161005
Copyright (C) 1985-2016 Intel Corporation.  All rights reserved.

Intel(R) Fortran Intel(R) 64 Compiler for applications running on Intel(R) 64, Version 17.0.1.132 Build 20161005
Copyright (C) 1985-2016 Intel Corporation.  All rights reserved.

Intel(R) Fortran Intel(R) 64 Compiler for applications running on Intel(R) 64, Version 17.0.1.132 Build 20161005
Copyright (C) 1985-2016 Intel Corporation.  All rights reserved.

Intel(R) Fortran Intel(R) 64 Compiler for applications running on Intel(R) 64, Version 17.0.1.132 Build 20161005
Copyright (C) 1985-2016 Intel Corporation.  All rights reserved.

Intel(R) Fortran Intel(R) 64 Compiler for applications running on Intel(R) 64, Version 17.0.1.132 Build 20161005
Copyright (C) 1985-2016 Intel Corporation.  All rights reserved.

Intel(R) Fortran Intel(R) 64 Compiler for applications running on Intel(R) 64, Version 17.0.1.132 Build 20161005
Copyright (C) 1985-2016 Intel Corporation.  All rights reserved.

GNU ld version 2.27-44.base.el7_9.1
GNU ld version 2.27-44.base.el7_9.1
End Linking Abaqus/Standard User Subroutines
Mon 12 Jun 2023 05:05:04 PM EDT
End Linking Abaqus/Standard User Subroutines
Mon 12 Jun 2023 05:05:04 PM EDT
Begin Analysis Input File Processor
Mon 12 Jun 2023 05:05:04 PM EDT
Begin Analysis Input File Processor
Mon 12 Jun 2023 05:05:04 PM EDT
Run pre
Run pre
GNU ld version 2.27-44.base.el7_9.1
GNU ld version 2.27-44.base.el7_9.1
GNU ld version 2.27-44.base.el7_9.1
GNU ld version 2.27-44.base.el7_9.1
End Linking Abaqus/Standard User Subroutines
Mon 12 Jun 2023 05:05:04 PM EDT
Begin Analysis Input File Processor
Mon 12 Jun 2023 05:05:04 PM EDT
Run pre
End Linking Abaqus/Standard User Subroutines
Mon 12 Jun 2023 05:05:04 PM EDT
Begin Analysis Input File Processor
Mon 12 Jun 2023 05:05:04 PM EDT
End Linking Abaqus/Standard User Subroutines
Mon 12 Jun 2023 05:05:04 PM EDT
Begin Analysis Input File Processor
Mon 12 Jun 2023 05:05:04 PM EDT
End Linking Abaqus/Standard User Subroutines
Mon 12 Jun 2023 05:05:04 PM EDT
Begin Analysis Input File Processor
Mon 12 Jun 2023 05:05:04 PM EDT
Run pre
Run pre
Run pre
Mon 12 Jun 2023 05:05:09 PM EDT
End Analysis Input File Processor
Begin Abaqus/Standard Analysis
Mon 12 Jun 2023 05:05:09 PM EDT
Run standard
Mon 12 Jun 2023 05:05:10 PM EDT
End Analysis Input File Processor
Begin Abaqus/Standard Analysis
Mon 12 Jun 2023 05:05:10 PM EDT
Run standard
Mon 12 Jun 2023 05:05:10 PM EDT
End Analysis Input File Processor
Begin Abaqus/Standard Analysis
Mon 12 Jun 2023 05:05:10 PM EDT
Run standard
Mon 12 Jun 2023 05:05:10 PM EDT
End Analysis Input File Processor
Begin Abaqus/Standard Analysis
Mon 12 Jun 2023 05:05:10 PM EDT
Run standard
Mon 12 Jun 2023 05:05:10 PM EDT
End Analysis Input File Processor
Begin Abaqus/Standard Analysis
Mon 12 Jun 2023 05:05:10 PM EDT
Run standard
Mon 12 Jun 2023 05:05:10 PM EDT
End Analysis Input File Processor
Begin Abaqus/Standard Analysis
Mon 12 Jun 2023 05:05:10 PM EDT
Run standard
Mon 12 Jun 2023 05:05:29 PM EDT
End Abaqus/Standard Analysis
Begin SIM Wrap-up
Mon 12 Jun 2023 05:05:30 PM EDT
Run SMASimUtility
Mon 12 Jun 2023 05:05:30 PM EDT
End Abaqus/Standard Analysis
Mon 12 Jun 2023 05:05:30 PM EDT
End SIM Wrap-up
Abaqus JOB uniaxial_2D_L_coarse_lenscale_0.4_9 COMPLETED
Begin SIM Wrap-up
Mon 12 Jun 2023 05:05:30 PM EDT
Run SMASimUtility
Mon 12 Jun 2023 05:05:30 PM EDT
End SIM Wrap-up
Abaqus JOB uniaxial_2D_L_coarse_lenscale_0.4_4 COMPLETED
Mon 12 Jun 2023 05:05:30 PM EDT
End Abaqus/Standard Analysis
Mon 12 Jun 2023 05:05:30 PM EDT
End Abaqus/Standard Analysis
Begin SIM Wrap-up
Mon 12 Jun 2023 05:05:30 PM EDT
Run SMASimUtility
Begin SIM Wrap-up
Mon 12 Jun 2023 05:05:30 PM EDT
Run SMASimUtility
Mon 12 Jun 2023 05:05:30 PM EDT
End SIM Wrap-up
Abaqus JOB uniaxial_2D_L_coarse_lenscale_0.4_10 COMPLETED
Mon 12 Jun 2023 05:05:31 PM EDT
End Abaqus/Standard Analysis
Mon 12 Jun 2023 05:05:31 PM EDT
End SIM Wrap-up
Abaqus JOB uniaxial_2D_L_coarse_lenscale_0.4_7 COMPLETED
Begin SIM Wrap-up
Mon 12 Jun 2023 05:05:31 PM EDT
Run SMASimUtility
Mon 12 Jun 2023 05:05:31 PM EDT
End SIM Wrap-up
Abaqus JOB uniaxial_2D_L_coarse_lenscale_0.2_3 COMPLETED
Mon 12 Jun 2023 05:05:34 PM EDT
End Abaqus/Standard Analysis
Begin SIM Wrap-up
Mon 12 Jun 2023 05:05:34 PM EDT
Run SMASimUtility
Mon 12 Jun 2023 05:05:34 PM EDT
End SIM Wrap-up
Abaqus JOB uniaxial_2D_L_coarse_lenscale_0.4_1 COMPLETED
Intel(R) Fortran Intel(R) 64 Compiler for applications running on Intel(R) 64, Version 17.0.1.132 Build 20161005
Copyright (C) 1985-2016 Intel Corporation.  All rights reserved.

Intel(R) Fortran Intel(R) 64 Compiler for applications running on Intel(R) 64, Version 17.0.1.132 Build 20161005
Intel(R) Fortran Intel(R) 64 Compiler for applications running on Intel(R) 64, Version 17.0.1.132 Build 20161005
Copyright (C) 1985-2016 Intel Corporation.  All rights reserved.
Copyright (C) 1985-2016 Intel Corporation.  All rights reserved.


Intel(R) Fortran Intel(R) 64 Compiler for applications running on Intel(R) 64, Version 17.0.1.132 Build 20161005
Copyright (C) 1985-2016 Intel Corporation.  All rights reserved.
Intel(R) Fortran Intel(R) 64 Compiler for applications running on Intel(R) 64, Version 17.0.1.132 Build 20161005
Copyright (C) 1985-2016 Intel Corporation.  All rights reserved.
Intel(R) Fortran Intel(R) 64 Compiler for applications running on Intel(R) 64, Version 17.0.1.132 Build 20161005
Copyright (C) 1985-2016 Intel Corporation.  All rights reserved.



Intel(R) Fortran Intel(R) 64 Compiler for applications running on Intel(R) 64, Version 17.0.1.132 Build 20161005
Copyright (C) 1985-2016 Intel Corporation.  All rights reserved.
Intel(R) Fortran Intel(R) 64 Compiler for applications running on Intel(R) 64, Version 17.0.1.132 Build 20161005
Copyright (C) 1985-2016 Intel Corporation.  All rights reserved.


 Intel(R) Fortran 17.0-1632
 Intel(R) Fortran 17.0-1632
 Intel(R) Fortran 17.0-1632
 Intel(R) Fortran 17.0-1632
 Intel(R) Fortran 17.0-1632
 Intel(R) Fortran 17.0-1632
 Intel(R) Fortran 17.0-1632
 Intel(R) Fortran 17.0-1632
NODEMM.f(36): (col. 18) remark: node_ has been targeted for automatic cpu dispatch
NODEMM.f(36): (col. 18) remark: node_ has been targeted for automatic cpu dispatch
NODEMM.f(36): (col. 18) remark: node_ has been targeted for automatic cpu dispatch
NODEMM.f(36): (col. 18) remark: node_ has been targeted for automatic cpu dispatch
NODEMM.f(36): (col. 18) remark: node_ has been targeted for automatic cpu dispatch
NODEMM.f(36): (col. 18) remark: node_ has been targeted for automatic cpu dispatch
NODEMM.f(36): (col. 18) remark: node_ has been targeted for automatic cpu dispatch
NODEMM.f(36): (col. 18) remark: node_ has been targeted for automatic cpu dispatch
NODEMM.f(522): (col. 18) remark: node_IP_nn_ has been targeted for automatic cpu dispatch
NODEMM.f(522): (col. 18) remark: node_IP_nn_ has been targeted for automatic cpu dispatch
NODEMM.f(522): (col. 18) remark: node_IP_nn_ has been targeted for automatic cpu dispatch
NODEMM.f(522): (col. 18) remark: node_IP_nn_ has been targeted for automatic cpu dispatch
NODEMM.f(522): (col. 18) remark: node_IP_nn_ has been targeted for automatic cpu dispatch
NODEMM.f(522): (col. 18) remark: node_IP_nn_ has been targeted for automatic cpu dispatch
NODEMM.f(522): (col. 18) remark: node_IP_nn_ has been targeted for automatic cpu dispatch
NODEMM.f(522): (col. 18) remark: node_IP_nn_ has been targeted for automatic cpu dispatch
End Compiling Abaqus/Standard User Subroutines
Begin Linking Abaqus/Standard User Subroutines
End Compiling Abaqus/Standard User Subroutines
Begin Linking Abaqus/Standard User Subroutines
End Compiling Abaqus/Standard User Subroutines
Begin Linking Abaqus/Standard User Subroutines
End Compiling Abaqus/Standard User Subroutines
Begin Linking Abaqus/Standard User Subroutines
End Compiling Abaqus/Standard User Subroutines
End Compiling Abaqus/Standard User Subroutines
Begin Linking Abaqus/Standard User Subroutines
End Compiling Abaqus/Standard User Subroutines
Begin Linking Abaqus/Standard User Subroutines
Begin Linking Abaqus/Standard User Subroutines
End Compiling Abaqus/Standard User Subroutines
Begin Linking Abaqus/Standard User Subroutines
Intel(R) Fortran Intel(R) 64 Compiler for applications running on Intel(R) 64, Version 17.0.1.132 Build 20161005
Copyright (C) 1985-2016 Intel Corporation.  All rights reserved.

Intel(R) Fortran Intel(R) 64 Compiler for applications running on Intel(R) 64, Version 17.0.1.132 Build 20161005
Copyright (C) 1985-2016 Intel Corporation.  All rights reserved.
Intel(R) Fortran Intel(R) 64 Compiler for applications running on Intel(R) 64, Version 17.0.1.132 Build 20161005
Copyright (C) 1985-2016 Intel Corporation.  All rights reserved.


Intel(R) Fortran Intel(R) 64 Compiler for applications running on Intel(R) 64, Version 17.0.1.132 Build 20161005
Copyright (C) 1985-2016 Intel Corporation.  All rights reserved.

Intel(R) Fortran Intel(R) 64 Compiler for applications running on Intel(R) 64, Version 17.0.1.132 Build 20161005
Intel(R) Fortran Intel(R) 64 Compiler for applications running on Intel(R) 64, Version 17.0.1.132 Build 20161005
Copyright (C) 1985-2016 Intel Corporation.  All rights reserved.
Copyright (C) 1985-2016 Intel Corporation.  All rights reserved.
Intel(R) Fortran Intel(R) 64 Compiler for applications running on Intel(R) 64, Version 17.0.1.132 Build 20161005
Copyright (C) 1985-2016 Intel Corporation.  All rights reserved.



Intel(R) Fortran Intel(R) 64 Compiler for applications running on Intel(R) 64, Version 17.0.1.132 Build 20161005
Copyright (C) 1985-2016 Intel Corporation.  All rights reserved.

GNU ld version 2.27-44.base.el7_9.1
GNU ld version 2.27-44.base.el7_9.1
GNU ld version 2.27-44.base.el7_9.1
GNU ld version 2.27-44.base.el7_9.1
GNU ld version 2.27-44.base.el7_9.1
GNU ld version 2.27-44.base.el7_9.1
GNU ld version 2.27-44.base.el7_9.1
GNU ld version 2.27-44.base.el7_9.1
End Linking Abaqus/Standard User Subroutines
Mon 12 Jun 2023 05:06:35 PM EDT
End Linking Abaqus/Standard User Subroutines
Mon 12 Jun 2023 05:06:35 PM EDT
Begin Analysis Input File Processor
Mon 12 Jun 2023 05:06:35 PM EDT
Begin Analysis Input File Processor
Mon 12 Jun 2023 05:06:35 PM EDT
End Linking Abaqus/Standard User Subroutines
Mon 12 Jun 2023 05:06:35 PM EDT
Begin Analysis Input File Processor
Mon 12 Jun 2023 05:06:35 PM EDT
End Linking Abaqus/Standard User Subroutines
Mon 12 Jun 2023 05:06:35 PM EDT
Begin Analysis Input File Processor
Mon 12 Jun 2023 05:06:35 PM EDT
End Linking Abaqus/Standard User Subroutines
Mon 12 Jun 2023 05:06:35 PM EDT
Begin Analysis Input File Processor
Mon 12 Jun 2023 05:06:35 PM EDT
End Linking Abaqus/Standard User Subroutines
Mon 12 Jun 2023 05:06:35 PM EDT
Begin Analysis Input File Processor
Mon 12 Jun 2023 05:06:35 PM EDT
Run pre
Run pre
Run pre
End Linking Abaqus/Standard User Subroutines
Mon 12 Jun 2023 05:06:35 PM EDT
Begin Analysis Input File Processor
Mon 12 Jun 2023 05:06:35 PM EDT
End Linking Abaqus/Standard User Subroutines
Mon 12 Jun 2023 05:06:35 PM EDT
Run pre
Begin Analysis Input File Processor
Mon 12 Jun 2023 05:06:35 PM EDT
Run pre
Run pre
Run pre
Run pre
Mon 12 Jun 2023 05:06:41 PM EDT
End Analysis Input File Processor
Begin Abaqus/Standard Analysis
Mon 12 Jun 2023 05:06:41 PM EDT
Run standard
Mon 12 Jun 2023 05:06:41 PM EDT
End Analysis Input File Processor
Begin Abaqus/Standard Analysis
Mon 12 Jun 2023 05:06:41 PM EDT
Run standard
Mon 12 Jun 2023 05:06:41 PM EDT
End Analysis Input File Processor
Begin Abaqus/Standard Analysis
Mon 12 Jun 2023 05:06:41 PM EDT
Run standard
Mon 12 Jun 2023 05:06:41 PM EDT
End Analysis Input File Processor
Begin Abaqus/Standard Analysis
Mon 12 Jun 2023 05:06:41 PM EDT
Run standard
Mon 12 Jun 2023 05:06:41 PM EDT
End Analysis Input File Processor
Begin Abaqus/Standard Analysis
Mon 12 Jun 2023 05:06:41 PM EDT
Run standard
Mon 12 Jun 2023 05:06:41 PM EDT
End Analysis Input File Processor
Mon 12 Jun 2023 05:06:41 PM EDT
End Analysis Input File Processor
Begin Abaqus/Standard Analysis
Mon 12 Jun 2023 05:06:41 PM EDT
Begin Abaqus/Standard Analysis
Mon 12 Jun 2023 05:06:41 PM EDT
Run standard
Run standard
Mon 12 Jun 2023 05:06:41 PM EDT
End Analysis Input File Processor
Begin Abaqus/Standard Analysis
Mon 12 Jun 2023 05:06:41 PM EDT
Run standard
Mon 12 Jun 2023 05:06:56 PM EDT
End Abaqus/Standard Analysis
Begin SIM Wrap-up
Mon 12 Jun 2023 05:06:56 PM EDT
Run SMASimUtility
Mon 12 Jun 2023 05:06:56 PM EDT
End SIM Wrap-up
Abaqus JOB uniaxial_2D_L_coarse_lenscale_0.6_8 COMPLETED
Mon 12 Jun 2023 05:07:02 PM EDT
End Abaqus/Standard Analysis
Begin SIM Wrap-up
Mon 12 Jun 2023 05:07:02 PM EDT
Run SMASimUtility
Mon 12 Jun 2023 05:07:02 PM EDT
End Abaqus/Standard Analysis
Mon 12 Jun 2023 05:07:02 PM EDT
End SIM Wrap-up
Abaqus JOB uniaxial_2D_L_coarse_lenscale_0.6_9 COMPLETED
Mon 12 Jun 2023 05:07:02 PM EDT
End Abaqus/Standard Analysis
Begin SIM Wrap-up
Mon 12 Jun 2023 05:07:03 PM EDT
Run SMASimUtility
Begin SIM Wrap-up
Mon 12 Jun 2023 05:07:03 PM EDT
Run SMASimUtility
Mon 12 Jun 2023 05:07:03 PM EDT
End SIM Wrap-up
Abaqus JOB uniaxial_2D_L_coarse_lenscale_0.6_10 COMPLETED
Mon 12 Jun 2023 05:07:03 PM EDT
End SIM Wrap-up
Abaqus JOB uniaxial_2D_L_coarse_lenscale_0.4_8 COMPLETED
Mon 12 Jun 2023 05:07:03 PM EDT
End Abaqus/Standard Analysis
Mon 12 Jun 2023 05:07:03 PM EDT
End Abaqus/Standard Analysis
Begin SIM Wrap-up
Mon 12 Jun 2023 05:07:03 PM EDT
Run SMASimUtility
Begin SIM Wrap-up
Mon 12 Jun 2023 05:07:03 PM EDT
Run SMASimUtility
Mon 12 Jun 2023 05:07:03 PM EDT
End SIM Wrap-up
Abaqus JOB uniaxial_2D_L_coarse_lenscale_0.4_5 COMPLETED
Mon 12 Jun 2023 05:07:03 PM EDT
End SIM Wrap-up
Abaqus JOB uniaxial_2D_L_coarse_lenscale_0.4_6 COMPLETED
Mon 12 Jun 2023 05:07:05 PM EDT
End Abaqus/Standard Analysis
Begin SIM Wrap-up
Mon 12 Jun 2023 05:07:05 PM EDT
Run SMASimUtility
Mon 12 Jun 2023 05:07:05 PM EDT
End Abaqus/Standard Analysis
Mon 12 Jun 2023 05:07:05 PM EDT
End SIM Wrap-up
Abaqus JOB uniaxial_2D_L_coarse_lenscale_0.2_6 COMPLETED
Begin SIM Wrap-up
Mon 12 Jun 2023 05:07:06 PM EDT
Run SMASimUtility
Mon 12 Jun 2023 05:07:06 PM EDT
End SIM Wrap-up
Abaqus JOB uniaxial_2D_L_coarse_lenscale_0.2_2 COMPLETED
Intel(R) Fortran Intel(R) 64 Compiler for applications running on Intel(R) 64, Version 17.0.1.132 Build 20161005
Copyright (C) 1985-2016 Intel Corporation.  All rights reserved.

 Intel(R) Fortran 17.0-1632
NODEMM.f(36): (col. 18) remark: node_ has been targeted for automatic cpu dispatch
NODEMM.f(522): (col. 18) remark: node_IP_nn_ has been targeted for automatic cpu dispatch
End Compiling Abaqus/Standard User Subroutines
Begin Linking Abaqus/Standard User Subroutines
Intel(R) Fortran Intel(R) 64 Compiler for applications running on Intel(R) 64, Version 17.0.1.132 Build 20161005
Copyright (C) 1985-2016 Intel Corporation.  All rights reserved.

GNU ld version 2.27-44.base.el7_9.1
End Linking Abaqus/Standard User Subroutines
Mon 12 Jun 2023 05:07:35 PM EDT
Begin Analysis Input File Processor
Mon 12 Jun 2023 05:07:35 PM EDT
Run pre
Mon 12 Jun 2023 05:07:40 PM EDT
End Analysis Input File Processor
Begin Abaqus/Standard Analysis
Mon 12 Jun 2023 05:07:40 PM EDT
Run standard
Intel(R) Fortran Intel(R) 64 Compiler for applications running on Intel(R) 64, Version 17.0.1.132 Build 20161005
Copyright (C) 1985-2016 Intel Corporation.  All rights reserved.

Intel(R) Fortran Intel(R) 64 Compiler for applications running on Intel(R) 64, Version 17.0.1.132 Build 20161005
Copyright (C) 1985-2016 Intel Corporation.  All rights reserved.

Intel(R) Fortran Intel(R) 64 Compiler for applications running on Intel(R) 64, Version 17.0.1.132 Build 20161005
Copyright (C) 1985-2016 Intel Corporation.  All rights reserved.

 Intel(R) Fortran 17.0-1632
NODEMM.f(36): (col. 18) remark: node_ has been targeted for automatic cpu dispatch
NODEMM.f(522): (col. 18) remark: node_IP_nn_ has been targeted for automatic cpu dispatch
 Intel(R) Fortran 17.0-1632
End Compiling Abaqus/Standard User Subroutines
Begin Linking Abaqus/Standard User Subroutines
NODEMM.f(36): (col. 18) remark: node_ has been targeted for automatic cpu dispatch
Intel(R) Fortran Intel(R) 64 Compiler for applications running on Intel(R) 64, Version 17.0.1.132 Build 20161005
Copyright (C) 1985-2016 Intel Corporation.  All rights reserved.

NODEMM.f(522): (col. 18) remark: node_IP_nn_ has been targeted for automatic cpu dispatch
GNU ld version 2.27-44.base.el7_9.1
End Linking Abaqus/Standard User Subroutines
Mon 12 Jun 2023 05:08:04 PM EDT
Begin Analysis Input File Processor
Mon 12 Jun 2023 05:08:04 PM EDT
Run pre
End Compiling Abaqus/Standard User Subroutines
Begin Linking Abaqus/Standard User Subroutines
Intel(R) Fortran Intel(R) 64 Compiler for applications running on Intel(R) 64, Version 17.0.1.132 Build 20161005
Copyright (C) 1985-2016 Intel Corporation.  All rights reserved.

GNU ld version 2.27-44.base.el7_9.1
End Linking Abaqus/Standard User Subroutines
Mon 12 Jun 2023 05:08:04 PM EDT
Begin Analysis Input File Processor
Mon 12 Jun 2023 05:08:04 PM EDT
Run pre
GNU ld version 2.27-44.base.el7_9.1
End Linking Abaqus/Standard User Subroutines
Mon 12 Jun 2023 05:08:05 PM EDT
Begin Analysis Input File Processor
Mon 12 Jun 2023 05:08:05 PM EDT
Run pre
Mon 12 Jun 2023 05:08:09 PM EDT
End Analysis Input File Processor
Begin Abaqus/Standard Analysis
Mon 12 Jun 2023 05:08:09 PM EDT
Run standard
Mon 12 Jun 2023 05:08:10 PM EDT
End Abaqus/Standard Analysis
Begin SIM Wrap-up
Mon 12 Jun 2023 05:08:10 PM EDT
Run SMASimUtility
Mon 12 Jun 2023 05:08:10 PM EDT
End SIM Wrap-up
Abaqus JOB uniaxial_2D_L_coarse_lenscale_0.2_1 COMPLETED
Mon 12 Jun 2023 05:08:10 PM EDT
End Analysis Input File Processor
Begin Abaqus/Standard Analysis
Mon 12 Jun 2023 05:08:10 PM EDT
Run standard
Mon 12 Jun 2023 05:08:11 PM EDT
End Analysis Input File Processor
Begin Abaqus/Standard Analysis
Mon 12 Jun 2023 05:08:11 PM EDT
Run standard
Mon 12 Jun 2023 05:08:32 PM EDT
End Abaqus/Standard Analysis
Begin SIM Wrap-up
Mon 12 Jun 2023 05:08:32 PM EDT
Run SMASimUtility
Mon 12 Jun 2023 05:08:32 PM EDT
End SIM Wrap-up
Abaqus JOB uniaxial_2D_L_coarse_lenscale_0.6_4 COMPLETED
Intel(R) Fortran Intel(R) 64 Compiler for applications running on Intel(R) 64, Version 17.0.1.132 Build 20161005
Copyright (C) 1985-2016 Intel Corporation.  All rights reserved.

Mon 12 Jun 2023 05:08:33 PM EDT
End Abaqus/Standard Analysis
Begin SIM Wrap-up
Mon 12 Jun 2023 05:08:33 PM EDT
Run SMASimUtility
Mon 12 Jun 2023 05:08:33 PM EDT
End SIM Wrap-up
Abaqus JOB uniaxial_2D_L_coarse_lenscale_0.2_10 COMPLETED
 Intel(R) Fortran 17.0-1632
NODEMM.f(36): (col. 18) remark: node_ has been targeted for automatic cpu dispatch
NODEMM.f(522): (col. 18) remark: node_IP_nn_ has been targeted for automatic cpu dispatch
End Compiling Abaqus/Standard User Subroutines
Begin Linking Abaqus/Standard User Subroutines
Intel(R) Fortran Intel(R) 64 Compiler for applications running on Intel(R) 64, Version 17.0.1.132 Build 20161005
Copyright (C) 1985-2016 Intel Corporation.  All rights reserved.

GNU ld version 2.27-44.base.el7_9.1
End Linking Abaqus/Standard User Subroutines
Mon 12 Jun 2023 05:08:35 PM EDT
Begin Analysis Input File Processor
Mon 12 Jun 2023 05:08:35 PM EDT
Run pre
Mon 12 Jun 2023 05:08:37 PM EDT
End Abaqus/Standard Analysis
Begin SIM Wrap-up
Mon 12 Jun 2023 05:08:37 PM EDT
Run SMASimUtility
Mon 12 Jun 2023 05:08:37 PM EDT
End SIM Wrap-up
Abaqus JOB uniaxial_2D_L_coarse_lenscale_0.2_5 COMPLETED
Mon 12 Jun 2023 05:08:40 PM EDT
End Analysis Input File Processor
Begin Abaqus/Standard Analysis
Mon 12 Jun 2023 05:08:40 PM EDT
Run standard
Mon 12 Jun 2023 05:08:59 PM EDT
End Abaqus/Standard Analysis
Begin SIM Wrap-up
Mon 12 Jun 2023 05:08:59 PM EDT
Run SMASimUtility
Mon 12 Jun 2023 05:08:59 PM EDT
End SIM Wrap-up
Abaqus JOB uniaxial_2D_L_coarse_lenscale_0.6_1 COMPLETED
