1
0
1
ASSEMBLY
1
PART-1-1
PART-1
1
PART-1-1
676
1 1
2 2
3 3
4 4
5 5
6 6
7 7
8 8
9 9
10 10
11 11
12 12
13 13
14 14
15 15
16 16
17 17
18 18
19 19
20 20
21 21
22 22
23 23
24 24
25 25
26 26
27 27
28 28
29 29
30 30
31 31
32 32
33 33
34 34
35 35
36 36
37 37
38 38
39 39
40 40
41 41
42 42
43 43
44 44
45 45
46 46
47 47
48 48
49 49
50 50
51 51
52 52
53 53
54 54
55 55
56 56
57 57
58 58
59 59
60 60
61 61
62 62
63 63
64 64
65 65
66 66
67 67
68 68
69 69
70 70
71 71
72 72
73 73
74 74
75 75
76 76
77 77
78 78
79 79
80 80
81 81
82 82
83 83
84 84
85 85
86 86
87 87
88 88
89 89
90 90
91 91
92 92
93 93
94 94
95 95
96 96
97 97
98 98
99 99
100 100
101 101
102 102
103 103
104 104
105 105
106 106
107 107
108 108
109 109
110 110
111 111
112 112
113 113
114 114
115 115
116 116
117 117
118 118
119 119
120 120
121 121
122 122
123 123
124 124
125 125
126 126
127 127
128 128
129 129
130 130
131 131
132 132
133 133
134 134
135 135
136 136
137 137
138 138
139 139
140 140
141 141
142 142
143 143
144 144
145 145
146 146
147 147
148 148
149 149
150 150
151 151
152 152
153 153
154 154
155 155
156 156
157 157
158 158
159 159
160 160
161 161
162 162
163 163
164 164
165 165
166 166
167 167
168 168
169 169
170 170
171 171
172 172
173 173
174 174
175 175
176 176
177 177
178 178
179 179
180 180
181 181
182 182
183 183
184 184
185 185
186 186
187 187
188 188
189 189
190 190
191 191
192 192
193 193
194 194
195 195
196 196
197 197
198 198
199 199
200 200
201 201
202 202
203 203
204 204
205 205
206 206
207 207
208 208
209 209
210 210
211 211
212 212
213 213
214 214
215 215
216 216
217 217
218 218
219 219
220 220
221 221
222 222
223 223
224 224
225 225
226 226
227 227
228 228
229 229
230 230
231 231
232 232
233 233
234 234
235 235
236 236
237 237
238 238
239 239
240 240
241 241
242 242
243 243
244 244
245 245
246 246
247 247
248 248
249 249
250 250
251 251
252 252
253 253
254 254
255 255
256 256
257 257
258 258
259 259
260 260
261 261
262 262
263 263
264 264
265 265
266 266
267 267
268 268
269 269
270 270
271 271
272 272
273 273
274 274
275 275
276 276
277 277
278 278
279 279
280 280
281 281
282 282
283 283
284 284
285 285
286 286
287 287
288 288
289 289
290 290
291 291
292 292
293 293
294 294
295 295
296 296
297 297
298 298
299 299
300 300
301 301
302 302
303 303
304 304
305 305
306 306
307 307
308 308
309 309
310 310
311 311
312 312
313 313
314 314
315 315
316 316
317 317
318 318
319 319
320 320
321 321
322 322
323 323
324 324
325 325
326 326
327 327
328 328
329 329
330 330
331 331
332 332
333 333
334 334
335 335
336 336
337 337
338 338
339 339
340 340
341 341
342 342
343 343
344 344
345 345
346 346
347 347
348 348
349 349
350 350
351 351
352 352
353 353
354 354
355 355
356 356
357 357
358 358
359 359
360 360
361 361
362 362
363 363
364 364
365 365
366 366
367 367
368 368
369 369
370 370
371 371
372 372
373 373
374 374
375 375
376 376
377 377
378 378
379 379
380 380
381 381
382 382
383 383
384 384
385 385
386 386
387 387
388 388
389 389
390 390
391 391
392 392
393 393
394 394
395 395
396 396
397 397
398 398
399 399
400 400
401 401
402 402
403 403
404 404
405 405
406 406
407 407
408 408
409 409
410 410
411 411
412 412
413 413
414 414
415 415
416 416
417 417
418 418
419 419
420 420
421 421
422 422
423 423
424 424
425 425
426 426
427 427
428 428
429 429
430 430
431 431
432 432
433 433
434 434
435 435
436 436
437 437
438 438
439 439
440 440
441 441
442 442
443 443
444 444
445 445
446 446
447 447
448 448
449 449
450 450
451 451
452 452
453 453
454 454
455 455
456 456
457 457
458 458
459 459
460 460
461 461
462 462
463 463
464 464
465 465
466 466
467 467
468 468
469 469
470 470
471 471
472 472
473 473
474 474
475 475
476 476
477 477
478 478
479 479
480 480
481 481
482 482
483 483
484 484
485 485
486 486
487 487
488 488
489 489
490 490
491 491
492 492
493 493
494 494
495 495
496 496
497 497
498 498
499 499
500 500
501 501
502 502
503 503
504 504
505 505
506 506
507 507
508 508
509 509
510 510
511 511
512 512
513 513
514 514
515 515
516 516
517 517
518 518
519 519
520 520
521 521
522 522
523 523
524 524
525 525
526 526
527 527
528 528
529 529
530 530
531 531
532 532
533 533
534 534
535 535
536 536
537 537
538 538
539 539
540 540
541 541
542 542
543 543
544 544
545 545
546 546
547 547
548 548
549 549
550 550
551 551
552 552
553 553
554 554
555 555
556 556
557 557
558 558
559 559
560 560
561 561
562 562
563 563
564 564
565 565
566 566
567 567
568 568
569 569
570 570
571 571
572 572
573 573
574 574
575 575
576 576
577 577
578 578
579 579
580 580
581 581
582 582
583 583
584 584
585 585
586 586
587 587
588 588
589 589
590 590
591 591
592 592
593 593
594 594
595 595
596 596
597 597
598 598
599 599
600 600
601 601
602 602
603 603
604 604
605 605
606 606
607 607
608 608
609 609
610 610
611 611
612 612
613 613
614 614
615 615
616 616
617 617
618 618
619 619
620 620
621 621
622 622
623 623
624 624
625 625
626 626
627 627
628 628
629 629
630 630
631 631
632 632
633 633
634 634
635 635
636 636
637 637
638 638
639 639
640 640
641 641
642 642
643 643
644 644
645 645
646 646
647 647
648 648
649 649
650 650
651 651
652 652
653 653
654 654
655 655
656 656
657 657
658 658
659 659
660 660
661 661
662 662
663 663
664 664
665 665
666 666
667 667
668 668
669 669
670 670
671 671
672 672
673 673
674 674
675 675
676 676
1 1
2 2
3 3
4 4
5 5
6 6
7 7
8 8
9 9
10 10
11 11
12 12
13 13
14 14
15 15
16 16
17 17
18 18
19 19
20 20
21 21
22 22
23 23
24 24
25 25
26 26
27 27
28 28
29 29
30 30
31 31
32 32
33 33
34 34
35 35
36 36
37 37
38 38
39 39
40 40
41 41
42 42
43 43
44 44
45 45
46 46
47 47
48 48
49 49
50 50
51 51
52 52
53 53
54 54
55 55
56 56
57 57
58 58
59 59
60 60
61 61
62 62
63 63
64 64
65 65
66 66
67 67
68 68
69 69
70 70
71 71
72 72
73 73
74 74
75 75
76 76
77 77
78 78
79 79
80 80
81 81
82 82
83 83
84 84
85 85
86 86
87 87
88 88
89 89
90 90
91 91
92 92
93 93
94 94
95 95
96 96
97 97
98 98
99 99
100 100
101 101
102 102
103 103
104 104
105 105
106 106
107 107
108 108
109 109
110 110
111 111
112 112
113 113
114 114
115 115
116 116
117 117
118 118
119 119
120 120
121 121
122 122
123 123
124 124
125 125
126 126
127 127
128 128
129 129
130 130
131 131
132 132
133 133
134 134
135 135
136 136
137 137
138 138
139 139
140 140
141 141
142 142
143 143
144 144
145 145
146 146
147 147
148 148
149 149
150 150
151 151
152 152
153 153
154 154
155 155
156 156
157 157
158 158
159 159
160 160
161 161
162 162
163 163
164 164
165 165
166 166
167 167
168 168
169 169
170 170
171 171
172 172
173 173
174 174
175 175
176 176
177 177
178 178
179 179
180 180
181 181
182 182
183 183
184 184
185 185
186 186
187 187
188 188
189 189
190 190
191 191
192 192
193 193
194 194
195 195
196 196
197 197
198 198
199 199
200 200
201 201
202 202
203 203
204 204
205 205
206 206
207 207
208 208
209 209
210 210
211 211
212 212
213 213
214 214
215 215
216 216
217 217
218 218
219 219
220 220
221 221
222 222
223 223
224 224
225 225
226 226
227 227
228 228
229 229
230 230
231 231
232 232
233 233
234 234
235 235
236 236
237 237
238 238
239 239
240 240
241 241
242 242
243 243
244 244
245 245
246 246
247 247
248 248
249 249
250 250
251 251
252 252
253 253
254 254
255 255
256 256
257 257
258 258
259 259
260 260
261 261
262 262
263 263
264 264
265 265
266 266
267 267
268 268
269 269
270 270
271 271
272 272
273 273
274 274
275 275
276 276
277 277
278 278
279 279
280 280
281 281
282 282
283 283
284 284
285 285
286 286
287 287
288 288
289 289
290 290
291 291
292 292
293 293
294 294
295 295
296 296
297 297
298 298
299 299
300 300
301 301
302 302
303 303
304 304
305 305
306 306
307 307
308 308
309 309
310 310
311 311
312 312
313 313
314 314
315 315
316 316
317 317
318 318
319 319
320 320
321 321
322 322
323 323
324 324
325 325
326 326
327 327
328 328
329 329
330 330
331 331
332 332
333 333
334 334
335 335
336 336
337 337
338 338
339 339
340 340
341 341
342 342
343 343
344 344
345 345
346 346
347 347
348 348
349 349
350 350
351 351
352 352
353 353
354 354
355 355
356 356
357 357
358 358
359 359
360 360
361 361
362 362
363 363
364 364
365 365
366 366
367 367
368 368
369 369
370 370
371 371
372 372
373 373
374 374
375 375
376 376
377 377
378 378
379 379
380 380
381 381
382 382
383 383
384 384
385 385
386 386
387 387
388 388
389 389
390 390
391 391
392 392
393 393
394 394
395 395
396 396
397 397
398 398
399 399
400 400
401 401
402 402
403 403
404 404
405 405
406 406
407 407
408 408
409 409
410 410
411 411
412 412
413 413
414 414
415 415
416 416
417 417
418 418
419 419
420 420
421 421
422 422
423 423
424 424
425 425
426 426
427 427
428 428
429 429
430 430
431 431
432 432
433 433
434 434
435 435
436 436
437 437
438 438
439 439
440 440
441 441
442 442
443 443
444 444
445 445
446 446
447 447
448 448
449 449
450 450
451 451
452 452
453 453
454 454
455 455
456 456
457 457
458 458
459 459
460 460
461 461
462 462
463 463
464 464
465 465
466 466
467 467
468 468
469 469
470 470
471 471
472 472
473 473
474 474
475 475
476 476
477 477
478 478
479 479
480 480
481 481
482 482
483 483
484 484
485 485
486 486
487 487
488 488
489 489
490 490
491 491
492 492
493 493
494 494
495 495
496 496
497 497
498 498
499 499
500 500
501 501
502 502
503 503
504 504
505 505
506 506
507 507
508 508
509 509
510 510
511 511
512 512
513 513
514 514
515 515
516 516
517 517
518 518
519 519
520 520
521 521
522 522
523 523
524 524
525 525
526 526
527 527
528 528
529 529
530 530
531 531
532 532
533 533
534 534
535 535
536 536
537 537
538 538
539 539
540 540
541 541
542 542
543 543
544 544
545 545
546 546
547 547
548 548
549 549
550 550
551 551
552 552
553 553
554 554
555 555
556 556
557 557
558 558
559 559
560 560
561 561
562 562
563 563
564 564
565 565
566 566
567 567
568 568
569 569
570 570
571 571
572 572
573 573
574 574
575 575
576 576
577 577
578 578
579 579
580 580
581 581
582 582
583 583
584 584
585 585
586 586
587 587
588 588
589 589
590 590
591 591
592 592
593 593
594 594
595 595
596 596
597 597
598 598
599 599
600 600
601 601
602 602
603 603
604 604
605 605
606 606
607 607
608 608
609 609
610 610
611 611
612 612
613 613
614 614
615 615
616 616
617 617
618 618
619 619
620 620
621 621
622 622
623 623
624 624
625 625
626 626
627 627
628 628
629 629
630 630
631 631
632 632
633 633
634 634
635 635
636 636
637 637
638 638
639 639
640 640
641 641
642 642
643 643
644 644
645 645
646 646
647 647
648 648
649 649
650 650
651 651
652 652
653 653
654 654
655 655
656 656
657 657
658 658
659 659
660 660
661 661
662 662
663 663
664 664
665 665
666 666
667 667
668 668
669 669
670 670
671 671
672 672
673 673
674 674
675 675
676 676
0
1
PART-1-1
625
1 1
2 2
3 3
4 4
5 5
6 6
7 7
8 8
9 9
10 10
11 11
12 12
13 13
14 14
15 15
16 16
17 17
18 18
19 19
20 20
21 21
22 22
23 23
24 24
25 25
26 26
27 27
28 28
29 29
30 30
31 31
32 32
33 33
34 34
35 35
36 36
37 37
38 38
39 39
40 40
41 41
42 42
43 43
44 44
45 45
46 46
47 47
48 48
49 49
50 50
51 51
52 52
53 53
54 54
55 55
56 56
57 57
58 58
59 59
60 60
61 61
62 62
63 63
64 64
65 65
66 66
67 67
68 68
69 69
70 70
71 71
72 72
73 73
74 74
75 75
76 76
77 77
78 78
79 79
80 80
81 81
82 82
83 83
84 84
85 85
86 86
87 87
88 88
89 89
90 90
91 91
92 92
93 93
94 94
95 95
96 96
97 97
98 98
99 99
100 100
101 101
102 102
103 103
104 104
105 105
106 106
107 107
108 108
109 109
110 110
111 111
112 112
113 113
114 114
115 115
116 116
117 117
118 118
119 119
120 120
121 121
122 122
123 123
124 124
125 125
126 126
127 127
128 128
129 129
130 130
131 131
132 132
133 133
134 134
135 135
136 136
137 137
138 138
139 139
140 140
141 141
142 142
143 143
144 144
145 145
146 146
147 147
148 148
149 149
150 150
151 151
152 152
153 153
154 154
155 155
156 156
157 157
158 158
159 159
160 160
161 161
162 162
163 163
164 164
165 165
166 166
167 167
168 168
169 169
170 170
171 171
172 172
173 173
174 174
175 175
176 176
177 177
178 178
179 179
180 180
181 181
182 182
183 183
184 184
185 185
186 186
187 187
188 188
189 189
190 190
191 191
192 192
193 193
194 194
195 195
196 196
197 197
198 198
199 199
200 200
201 201
202 202
203 203
204 204
205 205
206 206
207 207
208 208
209 209
210 210
211 211
212 212
213 213
214 214
215 215
216 216
217 217
218 218
219 219
220 220
221 221
222 222
223 223
224 224
225 225
226 226
227 227
228 228
229 229
230 230
231 231
232 232
233 233
234 234
235 235
236 236
237 237
238 238
239 239
240 240
241 241
242 242
243 243
244 244
245 245
246 246
247 247
248 248
249 249
250 250
251 251
252 252
253 253
254 254
255 255
256 256
257 257
258 258
259 259
260 260
261 261
262 262
263 263
264 264
265 265
266 266
267 267
268 268
269 269
270 270
271 271
272 272
273 273
274 274
275 275
276 276
277 277
278 278
279 279
280 280
281 281
282 282
283 283
284 284
285 285
286 286
287 287
288 288
289 289
290 290
291 291
292 292
293 293
294 294
295 295
296 296
297 297
298 298
299 299
300 300
301 301
302 302
303 303
304 304
305 305
306 306
307 307
308 308
309 309
310 310
311 311
312 312
313 313
314 314
315 315
316 316
317 317
318 318
319 319
320 320
321 321
322 322
323 323
324 324
325 325
326 326
327 327
328 328
329 329
330 330
331 331
332 332
333 333
334 334
335 335
336 336
337 337
338 338
339 339
340 340
341 341
342 342
343 343
344 344
345 345
346 346
347 347
348 348
349 349
350 350
351 351
352 352
353 353
354 354
355 355
356 356
357 357
358 358
359 359
360 360
361 361
362 362
363 363
364 364
365 365
366 366
367 367
368 368
369 369
370 370
371 371
372 372
373 373
374 374
375 375
376 376
377 377
378 378
379 379
380 380
381 381
382 382
383 383
384 384
385 385
386 386
387 387
388 388
389 389
390 390
391 391
392 392
393 393
394 394
395 395
396 396
397 397
398 398
399 399
400 400
401 401
402 402
403 403
404 404
405 405
406 406
407 407
408 408
409 409
410 410
411 411
412 412
413 413
414 414
415 415
416 416
417 417
418 418
419 419
420 420
421 421
422 422
423 423
424 424
425 425
426 426
427 427
428 428
429 429
430 430
431 431
432 432
433 433
434 434
435 435
436 436
437 437
438 438
439 439
440 440
441 441
442 442
443 443
444 444
445 445
446 446
447 447
448 448
449 449
450 450
451 451
452 452
453 453
454 454
455 455
456 456
457 457
458 458
459 459
460 460
461 461
462 462
463 463
464 464
465 465
466 466
467 467
468 468
469 469
470 470
471 471
472 472
473 473
474 474
475 475
476 476
477 477
478 478
479 479
480 480
481 481
482 482
483 483
484 484
485 485
486 486
487 487
488 488
489 489
490 490
491 491
492 492
493 493
494 494
495 495
496 496
497 497
498 498
499 499
500 500
501 501
502 502
503 503
504 504
505 505
506 506
507 507
508 508
509 509
510 510
511 511
512 512
513 513
514 514
515 515
516 516
517 517
518 518
519 519
520 520
521 521
522 522
523 523
524 524
525 525
526 526
527 527
528 528
529 529
530 530
531 531
532 532
533 533
534 534
535 535
536 536
537 537
538 538
539 539
540 540
541 541
542 542
543 543
544 544
545 545
546 546
547 547
548 548
549 549
550 550
551 551
552 552
553 553
554 554
555 555
556 556
557 557
558 558
559 559
560 560
561 561
562 562
563 563
564 564
565 565
566 566
567 567
568 568
569 569
570 570
571 571
572 572
573 573
574 574
575 575
576 576
577 577
578 578
579 579
580 580
581 581
582 582
583 583
584 584
585 585
586 586
587 587
588 588
589 589
590 590
591 591
592 592
593 593
594 594
595 595
596 596
597 597
598 598
599 599
600 600
601 601
602 602
603 603
604 604
605 605
606 606
607 607
608 608
609 609
610 610
611 611
612 612
613 613
614 614
615 615
616 616
617 617
618 618
619 619
620 620
621 621
622 622
623 623
624 624
625 625
1 1
2 2
3 3
4 4
5 5
6 6
7 7
8 8
9 9
10 10
11 11
12 12
13 13
14 14
15 15
16 16
17 17
18 18
19 19
20 20
21 21
22 22
23 23
24 24
25 25
26 26
27 27
28 28
29 29
30 30
31 31
32 32
33 33
34 34
35 35
36 36
37 37
38 38
39 39
40 40
41 41
42 42
43 43
44 44
45 45
46 46
47 47
48 48
49 49
50 50
51 51
52 52
53 53
54 54
55 55
56 56
57 57
58 58
59 59
60 60
61 61
62 62
63 63
64 64
65 65
66 66
67 67
68 68
69 69
70 70
71 71
72 72
73 73
74 74
75 75
76 76
77 77
78 78
79 79
80 80
81 81
82 82
83 83
84 84
85 85
86 86
87 87
88 88
89 89
90 90
91 91
92 92
93 93
94 94
95 95
96 96
97 97
98 98
99 99
100 100
101 101
102 102
103 103
104 104
105 105
106 106
107 107
108 108
109 109
110 110
111 111
112 112
113 113
114 114
115 115
116 116
117 117
118 118
119 119
120 120
121 121
122 122
123 123
124 124
125 125
126 126
127 127
128 128
129 129
130 130
131 131
132 132
133 133
134 134
135 135
136 136
137 137
138 138
139 139
140 140
141 141
142 142
143 143
144 144
145 145
146 146
147 147
148 148
149 149
150 150
151 151
152 152
153 153
154 154
155 155
156 156
157 157
158 158
159 159
160 160
161 161
162 162
163 163
164 164
165 165
166 166
167 167
168 168
169 169
170 170
171 171
172 172
173 173
174 174
175 175
176 176
177 177
178 178
179 179
180 180
181 181
182 182
183 183
184 184
185 185
186 186
187 187
188 188
189 189
190 190
191 191
192 192
193 193
194 194
195 195
196 196
197 197
198 198
199 199
200 200
201 201
202 202
203 203
204 204
205 205
206 206
207 207
208 208
209 209
210 210
211 211
212 212
213 213
214 214
215 215
216 216
217 217
218 218
219 219
220 220
221 221
222 222
223 223
224 224
225 225
226 226
227 227
228 228
229 229
230 230
231 231
232 232
233 233
234 234
235 235
236 236
237 237
238 238
239 239
240 240
241 241
242 242
243 243
244 244
245 245
246 246
247 247
248 248
249 249
250 250
251 251
252 252
253 253
254 254
255 255
256 256
257 257
258 258
259 259
260 260
261 261
262 262
263 263
264 264
265 265
266 266
267 267
268 268
269 269
270 270
271 271
272 272
273 273
274 274
275 275
276 276
277 277
278 278
279 279
280 280
281 281
282 282
283 283
284 284
285 285
286 286
287 287
288 288
289 289
290 290
291 291
292 292
293 293
294 294
295 295
296 296
297 297
298 298
299 299
300 300
301 301
302 302
303 303
304 304
305 305
306 306
307 307
308 308
309 309
310 310
311 311
312 312
313 313
314 314
315 315
316 316
317 317
318 318
319 319
320 320
321 321
322 322
323 323
324 324
325 325
326 326
327 327
328 328
329 329
330 330
331 331
332 332
333 333
334 334
335 335
336 336
337 337
338 338
339 339
340 340
341 341
342 342
343 343
344 344
345 345
346 346
347 347
348 348
349 349
350 350
351 351
352 352
353 353
354 354
355 355
356 356
357 357
358 358
359 359
360 360
361 361
362 362
363 363
364 364
365 365
366 366
367 367
368 368
369 369
370 370
371 371
372 372
373 373
374 374
375 375
376 376
377 377
378 378
379 379
380 380
381 381
382 382
383 383
384 384
385 385
386 386
387 387
388 388
389 389
390 390
391 391
392 392
393 393
394 394
395 395
396 396
397 397
398 398
399 399
400 400
401 401
402 402
403 403
404 404
405 405
406 406
407 407
408 408
409 409
410 410
411 411
412 412
413 413
414 414
415 415
416 416
417 417
418 418
419 419
420 420
421 421
422 422
423 423
424 424
425 425
426 426
427 427
428 428
429 429
430 430
431 431
432 432
433 433
434 434
435 435
436 436
437 437
438 438
439 439
440 440
441 441
442 442
443 443
444 444
445 445
446 446
447 447
448 448
449 449
450 450
451 451
452 452
453 453
454 454
455 455
456 456
457 457
458 458
459 459
460 460
461 461
462 462
463 463
464 464
465 465
466 466
467 467
468 468
469 469
470 470
471 471
472 472
473 473
474 474
475 475
476 476
477 477
478 478
479 479
480 480
481 481
482 482
483 483
484 484
485 485
486 486
487 487
488 488
489 489
490 490
491 491
492 492
493 493
494 494
495 495
496 496
497 497
498 498
499 499
500 500
501 501
502 502
503 503
504 504
505 505
506 506
507 507
508 508
509 509
510 510
511 511
512 512
513 513
514 514
515 515
516 516
517 517
518 518
519 519
520 520
521 521
522 522
523 523
524 524
525 525
526 526
527 527
528 528
529 529
530 530
531 531
532 532
533 533
534 534
535 535
536 536
537 537
538 538
539 539
540 540
541 541
542 542
543 543
544 544
545 545
546 546
547 547
548 548
549 549
550 550
551 551
552 552
553 553
554 554
555 555
556 556
557 557
558 558
559 559
560 560
561 561
562 562
563 563
564 564
565 565
566 566
567 567
568 568
569 569
570 570
571 571
572 572
573 573
574 574
575 575
576 576
577 577
578 578
579 579
580 580
581 581
582 582
583 583
584 584
585 585
586 586
587 587
588 588
589 589
590 590
591 591
592 592
593 593
594 594
595 595
596 596
597 597
598 598
599 599
600 600
601 601
602 602
603 603
604 604
605 605
606 606
607 607
608 608
609 609
610 610
611 611
612 612
613 613
614 614
615 615
616 616
617 617
618 618
619 619
620 620
621 621
622 622
623 623
624 624
625 625
0
2
SET-1
0
1
0
1
PART-1-1
25
1 26 51 76 101 126 151 176 201 226 251 276 301 326 351 376 401 426 451 476 501 526 551 576 601 
0
SET-3
0
1
0
1
PART-1-1
25
25 50 75 100 125 150 175 200 225 250 275 300 325 350 375 400 425 450 475 500 525 550 575 600 625 
0
1
PART-1-1
1
SET-1
0
1
625
1 2 3 4 5 6 7 8 9 10 11 12 13 14 15 16 17 18 19 20 21 22 23 24 25 26 27 28 29 30 31 32 33 34 35 36 37 38 39 40 41 42 43 44 45 46 47 48 49 50 51 52 53 54 55 56 57 58 59 60 61 62 63 64 65 66 67 68 69 70 71 72 73 74 75 76 77 78 79 80 81 82 83 84 85 86 87 88 89 90 91 92 93 94 95 96 97 98 99 100 101 102 103 104 105 106 107 108 109 110 111 112 113 114 115 116 117 118 119 120 121 122 123 124 125 126 127 128 129 130 131 132 133 134 135 136 137 138 139 140 141 142 143 144 145 146 147 148 149 150 151 152 153 154 155 156 157 158 159 160 161 162 163 164 165 166 167 168 169 170 171 172 173 174 175 176 177 178 179 180 181 182 183 184 185 186 187 188 189 190 191 192 193 194 195 196 197 198 199 200 201 202 203 204 205 206 207 208 209 210 211 212 213 214 215 216 217 218 219 220 221 222 223 224 225 226 227 228 229 230 231 232 233 234 235 236 237 238 239 240 241 242 243 244 245 246 247 248 249 250 251 252 253 254 255 256 257 258 259 260 261 262 263 264 265 266 267 268 269 270 271 272 273 274 275 276 277 278 279 280 281 282 283 284 285 286 287 288 289 290 291 292 293 294 295 296 297 298 299 300 301 302 303 304 305 306 307 308 309 310 311 312 313 314 315 316 317 318 319 320 321 322 323 324 325 326 327 328 329 330 331 332 333 334 335 336 337 338 339 340 341 342 343 344 345 346 347 348 349 350 351 352 353 354 355 356 357 358 359 360 361 362 363 364 365 366 367 368 369 370 371 372 373 374 375 376 377 378 379 380 381 382 383 384 385 386 387 388 389 390 391 392 393 394 395 396 397 398 399 400 401 402 403 404 405 406 407 408 409 410 411 412 413 414 415 416 417 418 419 420 421 422 423 424 425 426 427 428 429 430 431 432 433 434 435 436 437 438 439 440 441 442 443 444 445 446 447 448 449 450 451 452 453 454 455 456 457 458 459 460 461 462 463 464 465 466 467 468 469 470 471 472 473 474 475 476 477 478 479 480 481 482 483 484 485 486 487 488 489 490 491 492 493 494 495 496 497 498 499 500 501 502 503 504 505 506 507 508 509 510 511 512 513 514 515 516 517 518 519 520 521 522 523 524 525 526 527 528 529 530 531 532 533 534 535 536 537 538 539 540 541 542 543 544 545 546 547 548 549 550 551 552 553 554 555 556 557 558 559 560 561 562 563 564 565 566 567 568 569 570 571 572 573 574 575 576 577 578 579 580 581 582 583 584 585 586 587 588 589 590 591 592 593 594 595 596 597 598 599 600 601 602 603 604 605 606 607 608 609 610 611 612 613 614 615 616 617 618 619 620 621 622 623 624 625 
0
0
0
679
MYSET-1
0
1
0
1
PART-1-1
1
1 
0
MYSET-10
0
1
0
1
PART-1-1
1
10 
0
MYSET-100
0
1
0
1
PART-1-1
1
100 
0
MYSET-101
0
1
0
1
PART-1-1
1
101 
0
MYSET-102
0
1
0
1
PART-1-1
1
102 
0
MYSET-103
0
1
0
1
PART-1-1
1
103 
0
MYSET-104
0
1
0
1
PART-1-1
1
104 
0
MYSET-105
0
1
0
1
PART-1-1
1
105 
0
MYSET-106
0
1
0
1
PART-1-1
1
106 
0
MYSET-107
0
1
0
1
PART-1-1
1
107 
0
MYSET-108
0
1
0
1
PART-1-1
1
108 
0
MYSET-109
0
1
0
1
PART-1-1
1
109 
0
MYSET-11
0
1
0
1
PART-1-1
1
11 
0
MYSET-110
0
1
0
1
PART-1-1
1
110 
0
MYSET-111
0
1
0
1
PART-1-1
1
111 
0
MYSET-112
0
1
0
1
PART-1-1
1
112 
0
MYSET-113
0
1
0
1
PART-1-1
1
113 
0
MYSET-114
0
1
0
1
PART-1-1
1
114 
0
MYSET-115
0
1
0
1
PART-1-1
1
115 
0
MYSET-116
0
1
0
1
PART-1-1
1
116 
0
MYSET-117
0
1
0
1
PART-1-1
1
117 
0
MYSET-118
0
1
0
1
PART-1-1
1
118 
0
MYSET-119
0
1
0
1
PART-1-1
1
119 
0
MYSET-12
0
1
0
1
PART-1-1
1
12 
0
MYSET-120
0
1
0
1
PART-1-1
1
120 
0
MYSET-121
0
1
0
1
PART-1-1
1
121 
0
MYSET-122
0
1
0
1
PART-1-1
1
122 
0
MYSET-123
0
1
0
1
PART-1-1
1
123 
0
MYSET-124
0
1
0
1
PART-1-1
1
124 
0
MYSET-125
0
1
0
1
PART-1-1
1
125 
0
MYSET-126
0
1
0
1
PART-1-1
1
126 
0
MYSET-127
0
1
0
1
PART-1-1
1
127 
0
MYSET-128
0
1
0
1
PART-1-1
1
128 
0
MYSET-129
0
1
0
1
PART-1-1
1
129 
0
MYSET-13
0
1
0
1
PART-1-1
1
13 
0
MYSET-130
0
1
0
1
PART-1-1
1
130 
0
MYSET-131
0
1
0
1
PART-1-1
1
131 
0
MYSET-132
0
1
0
1
PART-1-1
1
132 
0
MYSET-133
0
1
0
1
PART-1-1
1
133 
0
MYSET-134
0
1
0
1
PART-1-1
1
134 
0
MYSET-135
0
1
0
1
PART-1-1
1
135 
0
MYSET-136
0
1
0
1
PART-1-1
1
136 
0
MYSET-137
0
1
0
1
PART-1-1
1
137 
0
MYSET-138
0
1
0
1
PART-1-1
1
138 
0
MYSET-139
0
1
0
1
PART-1-1
1
139 
0
MYSET-14
0
1
0
1
PART-1-1
1
14 
0
MYSET-140
0
1
0
1
PART-1-1
1
140 
0
MYSET-141
0
1
0
1
PART-1-1
1
141 
0
MYSET-142
0
1
0
1
PART-1-1
1
142 
0
MYSET-143
0
1
0
1
PART-1-1
1
143 
0
MYSET-144
0
1
0
1
PART-1-1
1
144 
0
MYSET-145
0
1
0
1
PART-1-1
1
145 
0
MYSET-146
0
1
0
1
PART-1-1
1
146 
0
MYSET-147
0
1
0
1
PART-1-1
1
147 
0
MYSET-148
0
1
0
1
PART-1-1
1
148 
0
MYSET-149
0
1
0
1
PART-1-1
1
149 
0
MYSET-15
0
1
0
1
PART-1-1
1
15 
0
MYSET-150
0
1
0
1
PART-1-1
1
150 
0
MYSET-151
0
1
0
1
PART-1-1
1
151 
0
MYSET-152
0
1
0
1
PART-1-1
1
152 
0
MYSET-153
0
1
0
1
PART-1-1
1
153 
0
MYSET-154
0
1
0
1
PART-1-1
1
154 
0
MYSET-155
0
1
0
1
PART-1-1
1
155 
0
MYSET-156
0
1
0
1
PART-1-1
1
156 
0
MYSET-157
0
1
0
1
PART-1-1
1
157 
0
MYSET-158
0
1
0
1
PART-1-1
1
158 
0
MYSET-159
0
1
0
1
PART-1-1
1
159 
0
MYSET-16
0
1
0
1
PART-1-1
1
16 
0
MYSET-160
0
1
0
1
PART-1-1
1
160 
0
MYSET-161
0
1
0
1
PART-1-1
1
161 
0
MYSET-162
0
1
0
1
PART-1-1
1
162 
0
MYSET-163
0
1
0
1
PART-1-1
1
163 
0
MYSET-164
0
1
0
1
PART-1-1
1
164 
0
MYSET-165
0
1
0
1
PART-1-1
1
165 
0
MYSET-166
0
1
0
1
PART-1-1
1
166 
0
MYSET-167
0
1
0
1
PART-1-1
1
167 
0
MYSET-168
0
1
0
1
PART-1-1
1
168 
0
MYSET-169
0
1
0
1
PART-1-1
1
169 
0
MYSET-17
0
1
0
1
PART-1-1
1
17 
0
MYSET-170
0
1
0
1
PART-1-1
1
170 
0
MYSET-171
0
1
0
1
PART-1-1
1
171 
0
MYSET-172
0
1
0
1
PART-1-1
1
172 
0
MYSET-173
0
1
0
1
PART-1-1
1
173 
0
MYSET-174
0
1
0
1
PART-1-1
1
174 
0
MYSET-175
0
1
0
1
PART-1-1
1
175 
0
MYSET-176
0
1
0
1
PART-1-1
1
176 
0
MYSET-177
0
1
0
1
PART-1-1
1
177 
0
MYSET-178
0
1
0
1
PART-1-1
1
178 
0
MYSET-179
0
1
0
1
PART-1-1
1
179 
0
MYSET-18
0
1
0
1
PART-1-1
1
18 
0
MYSET-180
0
1
0
1
PART-1-1
1
180 
0
MYSET-181
0
1
0
1
PART-1-1
1
181 
0
MYSET-182
0
1
0
1
PART-1-1
1
182 
0
MYSET-183
0
1
0
1
PART-1-1
1
183 
0
MYSET-184
0
1
0
1
PART-1-1
1
184 
0
MYSET-185
0
1
0
1
PART-1-1
1
185 
0
MYSET-186
0
1
0
1
PART-1-1
1
186 
0
MYSET-187
0
1
0
1
PART-1-1
1
187 
0
MYSET-188
0
1
0
1
PART-1-1
1
188 
0
MYSET-189
0
1
0
1
PART-1-1
1
189 
0
MYSET-19
0
1
0
1
PART-1-1
1
19 
0
MYSET-190
0
1
0
1
PART-1-1
1
190 
0
MYSET-191
0
1
0
1
PART-1-1
1
191 
0
MYSET-192
0
1
0
1
PART-1-1
1
192 
0
MYSET-193
0
1
0
1
PART-1-1
1
193 
0
MYSET-194
0
1
0
1
PART-1-1
1
194 
0
MYSET-195
0
1
0
1
PART-1-1
1
195 
0
MYSET-196
0
1
0
1
PART-1-1
1
196 
0
MYSET-197
0
1
0
1
PART-1-1
1
197 
0
MYSET-198
0
1
0
1
PART-1-1
1
198 
0
MYSET-199
0
1
0
1
PART-1-1
1
199 
0
MYSET-2
0
1
0
1
PART-1-1
1
2 
0
MYSET-20
0
1
0
1
PART-1-1
1
20 
0
MYSET-200
0
1
0
1
PART-1-1
1
200 
0
MYSET-201
0
1
0
1
PART-1-1
1
201 
0
MYSET-202
0
1
0
1
PART-1-1
1
202 
0
MYSET-203
0
1
0
1
PART-1-1
1
203 
0
MYSET-204
0
1
0
1
PART-1-1
1
204 
0
MYSET-205
0
1
0
1
PART-1-1
1
205 
0
MYSET-206
0
1
0
1
PART-1-1
1
206 
0
MYSET-207
0
1
0
1
PART-1-1
1
207 
0
MYSET-208
0
1
0
1
PART-1-1
1
208 
0
MYSET-209
0
1
0
1
PART-1-1
1
209 
0
MYSET-21
0
1
0
1
PART-1-1
1
21 
0
MYSET-210
0
1
0
1
PART-1-1
1
210 
0
MYSET-211
0
1
0
1
PART-1-1
1
211 
0
MYSET-212
0
1
0
1
PART-1-1
1
212 
0
MYSET-213
0
1
0
1
PART-1-1
1
213 
0
MYSET-214
0
1
0
1
PART-1-1
1
214 
0
MYSET-215
0
1
0
1
PART-1-1
1
215 
0
MYSET-216
0
1
0
1
PART-1-1
1
216 
0
MYSET-217
0
1
0
1
PART-1-1
1
217 
0
MYSET-218
0
1
0
1
PART-1-1
1
218 
0
MYSET-219
0
1
0
1
PART-1-1
1
219 
0
MYSET-22
0
1
0
1
PART-1-1
1
22 
0
MYSET-220
0
1
0
1
PART-1-1
1
220 
0
MYSET-221
0
1
0
1
PART-1-1
1
221 
0
MYSET-222
0
1
0
1
PART-1-1
1
222 
0
MYSET-223
0
1
0
1
PART-1-1
1
223 
0
MYSET-224
0
1
0
1
PART-1-1
1
224 
0
MYSET-225
0
1
0
1
PART-1-1
1
225 
0
MYSET-226
0
1
0
1
PART-1-1
1
226 
0
MYSET-227
0
1
0
1
PART-1-1
1
227 
0
MYSET-228
0
1
0
1
PART-1-1
1
228 
0
MYSET-229
0
1
0
1
PART-1-1
1
229 
0
MYSET-23
0
1
0
1
PART-1-1
1
23 
0
MYSET-230
0
1
0
1
PART-1-1
1
230 
0
MYSET-231
0
1
0
1
PART-1-1
1
231 
0
MYSET-232
0
1
0
1
PART-1-1
1
232 
0
MYSET-233
0
1
0
1
PART-1-1
1
233 
0
MYSET-234
0
1
0
1
PART-1-1
1
234 
0
MYSET-235
0
1
0
1
PART-1-1
1
235 
0
MYSET-236
0
1
0
1
PART-1-1
1
236 
0
MYSET-237
0
1
0
1
PART-1-1
1
237 
0
MYSET-238
0
1
0
1
PART-1-1
1
238 
0
MYSET-239
0
1
0
1
PART-1-1
1
239 
0
MYSET-24
0
1
0
1
PART-1-1
1
24 
0
MYSET-240
0
1
0
1
PART-1-1
1
240 
0
MYSET-241
0
1
0
1
PART-1-1
1
241 
0
MYSET-242
0
1
0
1
PART-1-1
1
242 
0
MYSET-243
0
1
0
1
PART-1-1
1
243 
0
MYSET-244
0
1
0
1
PART-1-1
1
244 
0
MYSET-245
0
1
0
1
PART-1-1
1
245 
0
MYSET-246
0
1
0
1
PART-1-1
1
246 
0
MYSET-247
0
1
0
1
PART-1-1
1
247 
0
MYSET-248
0
1
0
1
PART-1-1
1
248 
0
MYSET-249
0
1
0
1
PART-1-1
1
249 
0
MYSET-25
0
1
0
1
PART-1-1
1
25 
0
MYSET-250
0
1
0
1
PART-1-1
1
250 
0
MYSET-251
0
1
0
1
PART-1-1
1
251 
0
MYSET-252
0
1
0
1
PART-1-1
1
252 
0
MYSET-253
0
1
0
1
PART-1-1
1
253 
0
MYSET-254
0
1
0
1
PART-1-1
1
254 
0
MYSET-255
0
1
0
1
PART-1-1
1
255 
0
MYSET-256
0
1
0
1
PART-1-1
1
256 
0
MYSET-257
0
1
0
1
PART-1-1
1
257 
0
MYSET-258
0
1
0
1
PART-1-1
1
258 
0
MYSET-259
0
1
0
1
PART-1-1
1
259 
0
MYSET-26
0
1
0
1
PART-1-1
1
26 
0
MYSET-260
0
1
0
1
PART-1-1
1
260 
0
MYSET-261
0
1
0
1
PART-1-1
1
261 
0
MYSET-262
0
1
0
1
PART-1-1
1
262 
0
MYSET-263
0
1
0
1
PART-1-1
1
263 
0
MYSET-264
0
1
0
1
PART-1-1
1
264 
0
MYSET-265
0
1
0
1
PART-1-1
1
265 
0
MYSET-266
0
1
0
1
PART-1-1
1
266 
0
MYSET-267
0
1
0
1
PART-1-1
1
267 
0
MYSET-268
0
1
0
1
PART-1-1
1
268 
0
MYSET-269
0
1
0
1
PART-1-1
1
269 
0
MYSET-27
0
1
0
1
PART-1-1
1
27 
0
MYSET-270
0
1
0
1
PART-1-1
1
270 
0
MYSET-271
0
1
0
1
PART-1-1
1
271 
0
MYSET-272
0
1
0
1
PART-1-1
1
272 
0
MYSET-273
0
1
0
1
PART-1-1
1
273 
0
MYSET-274
0
1
0
1
PART-1-1
1
274 
0
MYSET-275
0
1
0
1
PART-1-1
1
275 
0
MYSET-276
0
1
0
1
PART-1-1
1
276 
0
MYSET-277
0
1
0
1
PART-1-1
1
277 
0
MYSET-278
0
1
0
1
PART-1-1
1
278 
0
MYSET-279
0
1
0
1
PART-1-1
1
279 
0
MYSET-28
0
1
0
1
PART-1-1
1
28 
0
MYSET-280
0
1
0
1
PART-1-1
1
280 
0
MYSET-281
0
1
0
1
PART-1-1
1
281 
0
MYSET-282
0
1
0
1
PART-1-1
1
282 
0
MYSET-283
0
1
0
1
PART-1-1
1
283 
0
MYSET-284
0
1
0
1
PART-1-1
1
284 
0
MYSET-285
0
1
0
1
PART-1-1
1
285 
0
MYSET-286
0
1
0
1
PART-1-1
1
286 
0
MYSET-287
0
1
0
1
PART-1-1
1
287 
0
MYSET-288
0
1
0
1
PART-1-1
1
288 
0
MYSET-289
0
1
0
1
PART-1-1
1
289 
0
MYSET-29
0
1
0
1
PART-1-1
1
29 
0
MYSET-290
0
1
0
1
PART-1-1
1
290 
0
MYSET-291
0
1
0
1
PART-1-1
1
291 
0
MYSET-292
0
1
0
1
PART-1-1
1
292 
0
MYSET-293
0
1
0
1
PART-1-1
1
293 
0
MYSET-294
0
1
0
1
PART-1-1
1
294 
0
MYSET-295
0
1
0
1
PART-1-1
1
295 
0
MYSET-296
0
1
0
1
PART-1-1
1
296 
0
MYSET-297
0
1
0
1
PART-1-1
1
297 
0
MYSET-298
0
1
0
1
PART-1-1
1
298 
0
MYSET-299
0
1
0
1
PART-1-1
1
299 
0
MYSET-3
0
1
0
1
PART-1-1
1
3 
0
MYSET-30
0
1
0
1
PART-1-1
1
30 
0
MYSET-300
0
1
0
1
PART-1-1
1
300 
0
MYSET-301
0
1
0
1
PART-1-1
1
301 
0
MYSET-302
0
1
0
1
PART-1-1
1
302 
0
MYSET-303
0
1
0
1
PART-1-1
1
303 
0
MYSET-304
0
1
0
1
PART-1-1
1
304 
0
MYSET-305
0
1
0
1
PART-1-1
1
305 
0
MYSET-306
0
1
0
1
PART-1-1
1
306 
0
MYSET-307
0
1
0
1
PART-1-1
1
307 
0
MYSET-308
0
1
0
1
PART-1-1
1
308 
0
MYSET-309
0
1
0
1
PART-1-1
1
309 
0
MYSET-31
0
1
0
1
PART-1-1
1
31 
0
MYSET-310
0
1
0
1
PART-1-1
1
310 
0
MYSET-311
0
1
0
1
PART-1-1
1
311 
0
MYSET-312
0
1
0
1
PART-1-1
1
312 
0
MYSET-313
0
1
0
1
PART-1-1
1
313 
0
MYSET-314
0
1
0
1
PART-1-1
1
314 
0
MYSET-315
0
1
0
1
PART-1-1
1
315 
0
MYSET-316
0
1
0
1
PART-1-1
1
316 
0
MYSET-317
0
1
0
1
PART-1-1
1
317 
0
MYSET-318
0
1
0
1
PART-1-1
1
318 
0
MYSET-319
0
1
0
1
PART-1-1
1
319 
0
MYSET-32
0
1
0
1
PART-1-1
1
32 
0
MYSET-320
0
1
0
1
PART-1-1
1
320 
0
MYSET-321
0
1
0
1
PART-1-1
1
321 
0
MYSET-322
0
1
0
1
PART-1-1
1
322 
0
MYSET-323
0
1
0
1
PART-1-1
1
323 
0
MYSET-324
0
1
0
1
PART-1-1
1
324 
0
MYSET-325
0
1
0
1
PART-1-1
1
325 
0
MYSET-326
0
1
0
1
PART-1-1
1
326 
0
MYSET-327
0
1
0
1
PART-1-1
1
327 
0
MYSET-328
0
1
0
1
PART-1-1
1
328 
0
MYSET-329
0
1
0
1
PART-1-1
1
329 
0
MYSET-33
0
1
0
1
PART-1-1
1
33 
0
MYSET-330
0
1
0
1
PART-1-1
1
330 
0
MYSET-331
0
1
0
1
PART-1-1
1
331 
0
MYSET-332
0
1
0
1
PART-1-1
1
332 
0
MYSET-333
0
1
0
1
PART-1-1
1
333 
0
MYSET-334
0
1
0
1
PART-1-1
1
334 
0
MYSET-335
0
1
0
1
PART-1-1
1
335 
0
MYSET-336
0
1
0
1
PART-1-1
1
336 
0
MYSET-337
0
1
0
1
PART-1-1
1
337 
0
MYSET-338
0
1
0
1
PART-1-1
1
338 
0
MYSET-339
0
1
0
1
PART-1-1
1
339 
0
MYSET-34
0
1
0
1
PART-1-1
1
34 
0
MYSET-340
0
1
0
1
PART-1-1
1
340 
0
MYSET-341
0
1
0
1
PART-1-1
1
341 
0
MYSET-342
0
1
0
1
PART-1-1
1
342 
0
MYSET-343
0
1
0
1
PART-1-1
1
343 
0
MYSET-344
0
1
0
1
PART-1-1
1
344 
0
MYSET-345
0
1
0
1
PART-1-1
1
345 
0
MYSET-346
0
1
0
1
PART-1-1
1
346 
0
MYSET-347
0
1
0
1
PART-1-1
1
347 
0
MYSET-348
0
1
0
1
PART-1-1
1
348 
0
MYSET-349
0
1
0
1
PART-1-1
1
349 
0
MYSET-35
0
1
0
1
PART-1-1
1
35 
0
MYSET-350
0
1
0
1
PART-1-1
1
350 
0
MYSET-351
0
1
0
1
PART-1-1
1
351 
0
MYSET-352
0
1
0
1
PART-1-1
1
352 
0
MYSET-353
0
1
0
1
PART-1-1
1
353 
0
MYSET-354
0
1
0
1
PART-1-1
1
354 
0
MYSET-355
0
1
0
1
PART-1-1
1
355 
0
MYSET-356
0
1
0
1
PART-1-1
1
356 
0
MYSET-357
0
1
0
1
PART-1-1
1
357 
0
MYSET-358
0
1
0
1
PART-1-1
1
358 
0
MYSET-359
0
1
0
1
PART-1-1
1
359 
0
MYSET-36
0
1
0
1
PART-1-1
1
36 
0
MYSET-360
0
1
0
1
PART-1-1
1
360 
0
MYSET-361
0
1
0
1
PART-1-1
1
361 
0
MYSET-362
0
1
0
1
PART-1-1
1
362 
0
MYSET-363
0
1
0
1
PART-1-1
1
363 
0
MYSET-364
0
1
0
1
PART-1-1
1
364 
0
MYSET-365
0
1
0
1
PART-1-1
1
365 
0
MYSET-366
0
1
0
1
PART-1-1
1
366 
0
MYSET-367
0
1
0
1
PART-1-1
1
367 
0
MYSET-368
0
1
0
1
PART-1-1
1
368 
0
MYSET-369
0
1
0
1
PART-1-1
1
369 
0
MYSET-37
0
1
0
1
PART-1-1
1
37 
0
MYSET-370
0
1
0
1
PART-1-1
1
370 
0
MYSET-371
0
1
0
1
PART-1-1
1
371 
0
MYSET-372
0
1
0
1
PART-1-1
1
372 
0
MYSET-373
0
1
0
1
PART-1-1
1
373 
0
MYSET-374
0
1
0
1
PART-1-1
1
374 
0
MYSET-375
0
1
0
1
PART-1-1
1
375 
0
MYSET-376
0
1
0
1
PART-1-1
1
376 
0
MYSET-377
0
1
0
1
PART-1-1
1
377 
0
MYSET-378
0
1
0
1
PART-1-1
1
378 
0
MYSET-379
0
1
0
1
PART-1-1
1
379 
0
MYSET-38
0
1
0
1
PART-1-1
1
38 
0
MYSET-380
0
1
0
1
PART-1-1
1
380 
0
MYSET-381
0
1
0
1
PART-1-1
1
381 
0
MYSET-382
0
1
0
1
PART-1-1
1
382 
0
MYSET-383
0
1
0
1
PART-1-1
1
383 
0
MYSET-384
0
1
0
1
PART-1-1
1
384 
0
MYSET-385
0
1
0
1
PART-1-1
1
385 
0
MYSET-386
0
1
0
1
PART-1-1
1
386 
0
MYSET-387
0
1
0
1
PART-1-1
1
387 
0
MYSET-388
0
1
0
1
PART-1-1
1
388 
0
MYSET-389
0
1
0
1
PART-1-1
1
389 
0
MYSET-39
0
1
0
1
PART-1-1
1
39 
0
MYSET-390
0
1
0
1
PART-1-1
1
390 
0
MYSET-391
0
1
0
1
PART-1-1
1
391 
0
MYSET-392
0
1
0
1
PART-1-1
1
392 
0
MYSET-393
0
1
0
1
PART-1-1
1
393 
0
MYSET-394
0
1
0
1
PART-1-1
1
394 
0
MYSET-395
0
1
0
1
PART-1-1
1
395 
0
MYSET-396
0
1
0
1
PART-1-1
1
396 
0
MYSET-397
0
1
0
1
PART-1-1
1
397 
0
MYSET-398
0
1
0
1
PART-1-1
1
398 
0
MYSET-399
0
1
0
1
PART-1-1
1
399 
0
MYSET-4
0
1
0
1
PART-1-1
1
4 
0
MYSET-40
0
1
0
1
PART-1-1
1
40 
0
MYSET-400
0
1
0
1
PART-1-1
1
400 
0
MYSET-401
0
1
0
1
PART-1-1
1
401 
0
MYSET-402
0
1
0
1
PART-1-1
1
402 
0
MYSET-403
0
1
0
1
PART-1-1
1
403 
0
MYSET-404
0
1
0
1
PART-1-1
1
404 
0
MYSET-405
0
1
0
1
PART-1-1
1
405 
0
MYSET-406
0
1
0
1
PART-1-1
1
406 
0
MYSET-407
0
1
0
1
PART-1-1
1
407 
0
MYSET-408
0
1
0
1
PART-1-1
1
408 
0
MYSET-409
0
1
0
1
PART-1-1
1
409 
0
MYSET-41
0
1
0
1
PART-1-1
1
41 
0
MYSET-410
0
1
0
1
PART-1-1
1
410 
0
MYSET-411
0
1
0
1
PART-1-1
1
411 
0
MYSET-412
0
1
0
1
PART-1-1
1
412 
0
MYSET-413
0
1
0
1
PART-1-1
1
413 
0
MYSET-414
0
1
0
1
PART-1-1
1
414 
0
MYSET-415
0
1
0
1
PART-1-1
1
415 
0
MYSET-416
0
1
0
1
PART-1-1
1
416 
0
MYSET-417
0
1
0
1
PART-1-1
1
417 
0
MYSET-418
0
1
0
1
PART-1-1
1
418 
0
MYSET-419
0
1
0
1
PART-1-1
1
419 
0
MYSET-42
0
1
0
1
PART-1-1
1
42 
0
MYSET-420
0
1
0
1
PART-1-1
1
420 
0
MYSET-421
0
1
0
1
PART-1-1
1
421 
0
MYSET-422
0
1
0
1
PART-1-1
1
422 
0
MYSET-423
0
1
0
1
PART-1-1
1
423 
0
MYSET-424
0
1
0
1
PART-1-1
1
424 
0
MYSET-425
0
1
0
1
PART-1-1
1
425 
0
MYSET-426
0
1
0
1
PART-1-1
1
426 
0
MYSET-427
0
1
0
1
PART-1-1
1
427 
0
MYSET-428
0
1
0
1
PART-1-1
1
428 
0
MYSET-429
0
1
0
1
PART-1-1
1
429 
0
MYSET-43
0
1
0
1
PART-1-1
1
43 
0
MYSET-430
0
1
0
1
PART-1-1
1
430 
0
MYSET-431
0
1
0
1
PART-1-1
1
431 
0
MYSET-432
0
1
0
1
PART-1-1
1
432 
0
MYSET-433
0
1
0
1
PART-1-1
1
433 
0
MYSET-434
0
1
0
1
PART-1-1
1
434 
0
MYSET-435
0
1
0
1
PART-1-1
1
435 
0
MYSET-436
0
1
0
1
PART-1-1
1
436 
0
MYSET-437
0
1
0
1
PART-1-1
1
437 
0
MYSET-438
0
1
0
1
PART-1-1
1
438 
0
MYSET-439
0
1
0
1
PART-1-1
1
439 
0
MYSET-44
0
1
0
1
PART-1-1
1
44 
0
MYSET-440
0
1
0
1
PART-1-1
1
440 
0
MYSET-441
0
1
0
1
PART-1-1
1
441 
0
MYSET-442
0
1
0
1
PART-1-1
1
442 
0
MYSET-443
0
1
0
1
PART-1-1
1
443 
0
MYSET-444
0
1
0
1
PART-1-1
1
444 
0
MYSET-445
0
1
0
1
PART-1-1
1
445 
0
MYSET-446
0
1
0
1
PART-1-1
1
446 
0
MYSET-447
0
1
0
1
PART-1-1
1
447 
0
MYSET-448
0
1
0
1
PART-1-1
1
448 
0
MYSET-449
0
1
0
1
PART-1-1
1
449 
0
MYSET-45
0
1
0
1
PART-1-1
1
45 
0
MYSET-450
0
1
0
1
PART-1-1
1
450 
0
MYSET-451
0
1
0
1
PART-1-1
1
451 
0
MYSET-452
0
1
0
1
PART-1-1
1
452 
0
MYSET-453
0
1
0
1
PART-1-1
1
453 
0
MYSET-454
0
1
0
1
PART-1-1
1
454 
0
MYSET-455
0
1
0
1
PART-1-1
1
455 
0
MYSET-456
0
1
0
1
PART-1-1
1
456 
0
MYSET-457
0
1
0
1
PART-1-1
1
457 
0
MYSET-458
0
1
0
1
PART-1-1
1
458 
0
MYSET-459
0
1
0
1
PART-1-1
1
459 
0
MYSET-46
0
1
0
1
PART-1-1
1
46 
0
MYSET-460
0
1
0
1
PART-1-1
1
460 
0
MYSET-461
0
1
0
1
PART-1-1
1
461 
0
MYSET-462
0
1
0
1
PART-1-1
1
462 
0
MYSET-463
0
1
0
1
PART-1-1
1
463 
0
MYSET-464
0
1
0
1
PART-1-1
1
464 
0
MYSET-465
0
1
0
1
PART-1-1
1
465 
0
MYSET-466
0
1
0
1
PART-1-1
1
466 
0
MYSET-467
0
1
0
1
PART-1-1
1
467 
0
MYSET-468
0
1
0
1
PART-1-1
1
468 
0
MYSET-469
0
1
0
1
PART-1-1
1
469 
0
MYSET-47
0
1
0
1
PART-1-1
1
47 
0
MYSET-470
0
1
0
1
PART-1-1
1
470 
0
MYSET-471
0
1
0
1
PART-1-1
1
471 
0
MYSET-472
0
1
0
1
PART-1-1
1
472 
0
MYSET-473
0
1
0
1
PART-1-1
1
473 
0
MYSET-474
0
1
0
1
PART-1-1
1
474 
0
MYSET-475
0
1
0
1
PART-1-1
1
475 
0
MYSET-476
0
1
0
1
PART-1-1
1
476 
0
MYSET-477
0
1
0
1
PART-1-1
1
477 
0
MYSET-478
0
1
0
1
PART-1-1
1
478 
0
MYSET-479
0
1
0
1
PART-1-1
1
479 
0
MYSET-48
0
1
0
1
PART-1-1
1
48 
0
MYSET-480
0
1
0
1
PART-1-1
1
480 
0
MYSET-481
0
1
0
1
PART-1-1
1
481 
0
MYSET-482
0
1
0
1
PART-1-1
1
482 
0
MYSET-483
0
1
0
1
PART-1-1
1
483 
0
MYSET-484
0
1
0
1
PART-1-1
1
484 
0
MYSET-485
0
1
0
1
PART-1-1
1
485 
0
MYSET-486
0
1
0
1
PART-1-1
1
486 
0
MYSET-487
0
1
0
1
PART-1-1
1
487 
0
MYSET-488
0
1
0
1
PART-1-1
1
488 
0
MYSET-489
0
1
0
1
PART-1-1
1
489 
0
MYSET-49
0
1
0
1
PART-1-1
1
49 
0
MYSET-490
0
1
0
1
PART-1-1
1
490 
0
MYSET-491
0
1
0
1
PART-1-1
1
491 
0
MYSET-492
0
1
0
1
PART-1-1
1
492 
0
MYSET-493
0
1
0
1
PART-1-1
1
493 
0
MYSET-494
0
1
0
1
PART-1-1
1
494 
0
MYSET-495
0
1
0
1
PART-1-1
1
495 
0
MYSET-496
0
1
0
1
PART-1-1
1
496 
0
MYSET-497
0
1
0
1
PART-1-1
1
497 
0
MYSET-498
0
1
0
1
PART-1-1
1
498 
0
MYSET-499
0
1
0
1
PART-1-1
1
499 
0
MYSET-5
0
1
0
1
PART-1-1
1
5 
0
MYSET-50
0
1
0
1
PART-1-1
1
50 
0
MYSET-500
0
1
0
1
PART-1-1
1
500 
0
MYSET-501
0
1
0
1
PART-1-1
1
501 
0
MYSET-502
0
1
0
1
PART-1-1
1
502 
0
MYSET-503
0
1
0
1
PART-1-1
1
503 
0
MYSET-504
0
1
0
1
PART-1-1
1
504 
0
MYSET-505
0
1
0
1
PART-1-1
1
505 
0
MYSET-506
0
1
0
1
PART-1-1
1
506 
0
MYSET-507
0
1
0
1
PART-1-1
1
507 
0
MYSET-508
0
1
0
1
PART-1-1
1
508 
0
MYSET-509
0
1
0
1
PART-1-1
1
509 
0
MYSET-51
0
1
0
1
PART-1-1
1
51 
0
MYSET-510
0
1
0
1
PART-1-1
1
510 
0
MYSET-511
0
1
0
1
PART-1-1
1
511 
0
MYSET-512
0
1
0
1
PART-1-1
1
512 
0
MYSET-513
0
1
0
1
PART-1-1
1
513 
0
MYSET-514
0
1
0
1
PART-1-1
1
514 
0
MYSET-515
0
1
0
1
PART-1-1
1
515 
0
MYSET-516
0
1
0
1
PART-1-1
1
516 
0
MYSET-517
0
1
0
1
PART-1-1
1
517 
0
MYSET-518
0
1
0
1
PART-1-1
1
518 
0
MYSET-519
0
1
0
1
PART-1-1
1
519 
0
MYSET-52
0
1
0
1
PART-1-1
1
52 
0
MYSET-520
0
1
0
1
PART-1-1
1
520 
0
MYSET-521
0
1
0
1
PART-1-1
1
521 
0
MYSET-522
0
1
0
1
PART-1-1
1
522 
0
MYSET-523
0
1
0
1
PART-1-1
1
523 
0
MYSET-524
0
1
0
1
PART-1-1
1
524 
0
MYSET-525
0
1
0
1
PART-1-1
1
525 
0
MYSET-526
0
1
0
1
PART-1-1
1
526 
0
MYSET-527
0
1
0
1
PART-1-1
1
527 
0
MYSET-528
0
1
0
1
PART-1-1
1
528 
0
MYSET-529
0
1
0
1
PART-1-1
1
529 
0
MYSET-53
0
1
0
1
PART-1-1
1
53 
0
MYSET-530
0
1
0
1
PART-1-1
1
530 
0
MYSET-531
0
1
0
1
PART-1-1
1
531 
0
MYSET-532
0
1
0
1
PART-1-1
1
532 
0
MYSET-533
0
1
0
1
PART-1-1
1
533 
0
MYSET-534
0
1
0
1
PART-1-1
1
534 
0
MYSET-535
0
1
0
1
PART-1-1
1
535 
0
MYSET-536
0
1
0
1
PART-1-1
1
536 
0
MYSET-537
0
1
0
1
PART-1-1
1
537 
0
MYSET-538
0
1
0
1
PART-1-1
1
538 
0
MYSET-539
0
1
0
1
PART-1-1
1
539 
0
MYSET-54
0
1
0
1
PART-1-1
1
54 
0
MYSET-540
0
1
0
1
PART-1-1
1
540 
0
MYSET-541
0
1
0
1
PART-1-1
1
541 
0
MYSET-542
0
1
0
1
PART-1-1
1
542 
0
MYSET-543
0
1
0
1
PART-1-1
1
543 
0
MYSET-544
0
1
0
1
PART-1-1
1
544 
0
MYSET-545
0
1
0
1
PART-1-1
1
545 
0
MYSET-546
0
1
0
1
PART-1-1
1
546 
0
MYSET-547
0
1
0
1
PART-1-1
1
547 
0
MYSET-548
0
1
0
1
PART-1-1
1
548 
0
MYSET-549
0
1
0
1
PART-1-1
1
549 
0
MYSET-55
0
1
0
1
PART-1-1
1
55 
0
MYSET-550
0
1
0
1
PART-1-1
1
550 
0
MYSET-551
0
1
0
1
PART-1-1
1
551 
0
MYSET-552
0
1
0
1
PART-1-1
1
552 
0
MYSET-553
0
1
0
1
PART-1-1
1
553 
0
MYSET-554
0
1
0
1
PART-1-1
1
554 
0
MYSET-555
0
1
0
1
PART-1-1
1
555 
0
MYSET-556
0
1
0
1
PART-1-1
1
556 
0
MYSET-557
0
1
0
1
PART-1-1
1
557 
0
MYSET-558
0
1
0
1
PART-1-1
1
558 
0
MYSET-559
0
1
0
1
PART-1-1
1
559 
0
MYSET-56
0
1
0
1
PART-1-1
1
56 
0
MYSET-560
0
1
0
1
PART-1-1
1
560 
0
MYSET-561
0
1
0
1
PART-1-1
1
561 
0
MYSET-562
0
1
0
1
PART-1-1
1
562 
0
MYSET-563
0
1
0
1
PART-1-1
1
563 
0
MYSET-564
0
1
0
1
PART-1-1
1
564 
0
MYSET-565
0
1
0
1
PART-1-1
1
565 
0
MYSET-566
0
1
0
1
PART-1-1
1
566 
0
MYSET-567
0
1
0
1
PART-1-1
1
567 
0
MYSET-568
0
1
0
1
PART-1-1
1
568 
0
MYSET-569
0
1
0
1
PART-1-1
1
569 
0
MYSET-57
0
1
0
1
PART-1-1
1
57 
0
MYSET-570
0
1
0
1
PART-1-1
1
570 
0
MYSET-571
0
1
0
1
PART-1-1
1
571 
0
MYSET-572
0
1
0
1
PART-1-1
1
572 
0
MYSET-573
0
1
0
1
PART-1-1
1
573 
0
MYSET-574
0
1
0
1
PART-1-1
1
574 
0
MYSET-575
0
1
0
1
PART-1-1
1
575 
0
MYSET-576
0
1
0
1
PART-1-1
1
576 
0
MYSET-577
0
1
0
1
PART-1-1
1
577 
0
MYSET-578
0
1
0
1
PART-1-1
1
578 
0
MYSET-579
0
1
0
1
PART-1-1
1
579 
0
MYSET-58
0
1
0
1
PART-1-1
1
58 
0
MYSET-580
0
1
0
1
PART-1-1
1
580 
0
MYSET-581
0
1
0
1
PART-1-1
1
581 
0
MYSET-582
0
1
0
1
PART-1-1
1
582 
0
MYSET-583
0
1
0
1
PART-1-1
1
583 
0
MYSET-584
0
1
0
1
PART-1-1
1
584 
0
MYSET-585
0
1
0
1
PART-1-1
1
585 
0
MYSET-586
0
1
0
1
PART-1-1
1
586 
0
MYSET-587
0
1
0
1
PART-1-1
1
587 
0
MYSET-588
0
1
0
1
PART-1-1
1
588 
0
MYSET-589
0
1
0
1
PART-1-1
1
589 
0
MYSET-59
0
1
0
1
PART-1-1
1
59 
0
MYSET-590
0
1
0
1
PART-1-1
1
590 
0
MYSET-591
0
1
0
1
PART-1-1
1
591 
0
MYSET-592
0
1
0
1
PART-1-1
1
592 
0
MYSET-593
0
1
0
1
PART-1-1
1
593 
0
MYSET-594
0
1
0
1
PART-1-1
1
594 
0
MYSET-595
0
1
0
1
PART-1-1
1
595 
0
MYSET-596
0
1
0
1
PART-1-1
1
596 
0
MYSET-597
0
1
0
1
PART-1-1
1
597 
0
MYSET-598
0
1
0
1
PART-1-1
1
598 
0
MYSET-599
0
1
0
1
PART-1-1
1
599 
0
MYSET-6
0
1
0
1
PART-1-1
1
6 
0
MYSET-60
0
1
0
1
PART-1-1
1
60 
0
MYSET-600
0
1
0
1
PART-1-1
1
600 
0
MYSET-601
0
1
0
1
PART-1-1
1
601 
0
MYSET-602
0
1
0
1
PART-1-1
1
602 
0
MYSET-603
0
1
0
1
PART-1-1
1
603 
0
MYSET-604
0
1
0
1
PART-1-1
1
604 
0
MYSET-605
0
1
0
1
PART-1-1
1
605 
0
MYSET-606
0
1
0
1
PART-1-1
1
606 
0
MYSET-607
0
1
0
1
PART-1-1
1
607 
0
MYSET-608
0
1
0
1
PART-1-1
1
608 
0
MYSET-609
0
1
0
1
PART-1-1
1
609 
0
MYSET-61
0
1
0
1
PART-1-1
1
61 
0
MYSET-610
0
1
0
1
PART-1-1
1
610 
0
MYSET-611
0
1
0
1
PART-1-1
1
611 
0
MYSET-612
0
1
0
1
PART-1-1
1
612 
0
MYSET-613
0
1
0
1
PART-1-1
1
613 
0
MYSET-614
0
1
0
1
PART-1-1
1
614 
0
MYSET-615
0
1
0
1
PART-1-1
1
615 
0
MYSET-616
0
1
0
1
PART-1-1
1
616 
0
MYSET-617
0
1
0
1
PART-1-1
1
617 
0
MYSET-618
0
1
0
1
PART-1-1
1
618 
0
MYSET-619
0
1
0
1
PART-1-1
1
619 
0
MYSET-62
0
1
0
1
PART-1-1
1
62 
0
MYSET-620
0
1
0
1
PART-1-1
1
620 
0
MYSET-621
0
1
0
1
PART-1-1
1
621 
0
MYSET-622
0
1
0
1
PART-1-1
1
622 
0
MYSET-623
0
1
0
1
PART-1-1
1
623 
0
MYSET-624
0
1
0
1
PART-1-1
1
624 
0
MYSET-625
0
1
0
1
PART-1-1
1
625 
0
MYSET-626
0
1
0
1
PART-1-1
1
626 
0
MYSET-627
0
1
0
1
PART-1-1
1
627 
0
MYSET-628
0
1
0
1
PART-1-1
1
628 
0
MYSET-629
0
1
0
1
PART-1-1
1
629 
0
MYSET-63
0
1
0
1
PART-1-1
1
63 
0
MYSET-630
0
1
0
1
PART-1-1
1
630 
0
MYSET-631
0
1
0
1
PART-1-1
1
631 
0
MYSET-632
0
1
0
1
PART-1-1
1
632 
0
MYSET-633
0
1
0
1
PART-1-1
1
633 
0
MYSET-634
0
1
0
1
PART-1-1
1
634 
0
MYSET-635
0
1
0
1
PART-1-1
1
635 
0
MYSET-636
0
1
0
1
PART-1-1
1
636 
0
MYSET-637
0
1
0
1
PART-1-1
1
637 
0
MYSET-638
0
1
0
1
PART-1-1
1
638 
0
MYSET-639
0
1
0
1
PART-1-1
1
639 
0
MYSET-64
0
1
0
1
PART-1-1
1
64 
0
MYSET-640
0
1
0
1
PART-1-1
1
640 
0
MYSET-641
0
1
0
1
PART-1-1
1
641 
0
MYSET-642
0
1
0
1
PART-1-1
1
642 
0
MYSET-643
0
1
0
1
PART-1-1
1
643 
0
MYSET-644
0
1
0
1
PART-1-1
1
644 
0
MYSET-645
0
1
0
1
PART-1-1
1
645 
0
MYSET-646
0
1
0
1
PART-1-1
1
646 
0
MYSET-647
0
1
0
1
PART-1-1
1
647 
0
MYSET-648
0
1
0
1
PART-1-1
1
648 
0
MYSET-649
0
1
0
1
PART-1-1
1
649 
0
MYSET-65
0
1
0
1
PART-1-1
1
65 
0
MYSET-650
0
1
0
1
PART-1-1
1
650 
0
MYSET-651
0
1
0
1
PART-1-1
1
651 
0
MYSET-652
0
1
0
1
PART-1-1
1
652 
0
MYSET-653
0
1
0
1
PART-1-1
1
653 
0
MYSET-654
0
1
0
1
PART-1-1
1
654 
0
MYSET-655
0
1
0
1
PART-1-1
1
655 
0
MYSET-656
0
1
0
1
PART-1-1
1
656 
0
MYSET-657
0
1
0
1
PART-1-1
1
657 
0
MYSET-658
0
1
0
1
PART-1-1
1
658 
0
MYSET-659
0
1
0
1
PART-1-1
1
659 
0
MYSET-66
0
1
0
1
PART-1-1
1
66 
0
MYSET-660
0
1
0
1
PART-1-1
1
660 
0
MYSET-661
0
1
0
1
PART-1-1
1
661 
0
MYSET-662
0
1
0
1
PART-1-1
1
662 
0
MYSET-663
0
1
0
1
PART-1-1
1
663 
0
MYSET-664
0
1
0
1
PART-1-1
1
664 
0
MYSET-665
0
1
0
1
PART-1-1
1
665 
0
MYSET-666
0
1
0
1
PART-1-1
1
666 
0
MYSET-667
0
1
0
1
PART-1-1
1
667 
0
MYSET-668
0
1
0
1
PART-1-1
1
668 
0
MYSET-669
0
1
0
1
PART-1-1
1
669 
0
MYSET-67
0
1
0
1
PART-1-1
1
67 
0
MYSET-670
0
1
0
1
PART-1-1
1
670 
0
MYSET-671
0
1
0
1
PART-1-1
1
671 
0
MYSET-672
0
1
0
1
PART-1-1
1
672 
0
MYSET-673
0
1
0
1
PART-1-1
1
673 
0
MYSET-674
0
1
0
1
PART-1-1
1
674 
0
MYSET-675
0
1
0
1
PART-1-1
1
675 
0
MYSET-676
0
1
0
1
PART-1-1
1
676 
0
MYSET-68
0
1
0
1
PART-1-1
1
68 
0
MYSET-69
0
1
0
1
PART-1-1
1
69 
0
MYSET-7
0
1
0
1
PART-1-1
1
7 
0
MYSET-70
0
1
0
1
PART-1-1
1
70 
0
MYSET-71
0
1
0
1
PART-1-1
1
71 
0
MYSET-72
0
1
0
1
PART-1-1
1
72 
0
MYSET-73
0
1
0
1
PART-1-1
1
73 
0
MYSET-74
0
1
0
1
PART-1-1
1
74 
0
MYSET-75
0
1
0
1
PART-1-1
1
75 
0
MYSET-76
0
1
0
1
PART-1-1
1
76 
0
MYSET-77
0
1
0
1
PART-1-1
1
77 
0
MYSET-78
0
1
0
1
PART-1-1
1
78 
0
MYSET-79
0
1
0
1
PART-1-1
1
79 
0
MYSET-8
0
1
0
1
PART-1-1
1
8 
0
MYSET-80
0
1
0
1
PART-1-1
1
80 
0
MYSET-81
0
1
0
1
PART-1-1
1
81 
0
MYSET-82
0
1
0
1
PART-1-1
1
82 
0
MYSET-83
0
1
0
1
PART-1-1
1
83 
0
MYSET-84
0
1
0
1
PART-1-1
1
84 
0
MYSET-85
0
1
0
1
PART-1-1
1
85 
0
MYSET-86
0
1
0
1
PART-1-1
1
86 
0
MYSET-87
0
1
0
1
PART-1-1
1
87 
0
MYSET-88
0
1
0
1
PART-1-1
1
88 
0
MYSET-89
0
1
0
1
PART-1-1
1
89 
0
MYSET-9
0
1
0
1
PART-1-1
1
9 
0
MYSET-90
0
1
0
1
PART-1-1
1
90 
0
MYSET-91
0
1
0
1
PART-1-1
1
91 
0
MYSET-92
0
1
0
1
PART-1-1
1
92 
0
MYSET-93
0
1
0
1
PART-1-1
1
93 
0
MYSET-94
0
1
0
1
PART-1-1
1
94 
0
MYSET-95
0
1
0
1
PART-1-1
1
95 
0
MYSET-96
0
1
0
1
PART-1-1
1
96 
0
MYSET-97
0
1
0
1
PART-1-1
1
97 
0
MYSET-98
0
1
0
1
PART-1-1
1
98 
0
MYSET-99
0
1
0
1
PART-1-1
1
99 
0
SET-1
0
1
0
1
PART-1-1
26
1 27 53 79 105 131 157 183 209 235 261 287 313 339 365 391 417 443 469 495 521 547 573 599 625 651 
0
SET-2
0
1
0
1
PART-1-1
1
1 
0
SET-3
0
1
0
1
PART-1-1
26
26 52 78 104 130 156 182 208 234 260 286 312 338 364 390 416 442 468 494 520 546 572 598 624 650 676 
0
1
PART-1-1
1
SET-1
0
1
676
1 2 3 4 5 6 7 8 9 10 11 12 13 14 15 16 17 18 19 20 21 22 23 24 25 26 27 28 29 30 31 32 33 34 35 36 37 38 39 40 41 42 43 44 45 46 47 48 49 50 51 52 53 54 55 56 57 58 59 60 61 62 63 64 65 66 67 68 69 70 71 72 73 74 75 76 77 78 79 80 81 82 83 84 85 86 87 88 89 90 91 92 93 94 95 96 97 98 99 100 101 102 103 104 105 106 107 108 109 110 111 112 113 114 115 116 117 118 119 120 121 122 123 124 125 126 127 128 129 130 131 132 133 134 135 136 137 138 139 140 141 142 143 144 145 146 147 148 149 150 151 152 153 154 155 156 157 158 159 160 161 162 163 164 165 166 167 168 169 170 171 172 173 174 175 176 177 178 179 180 181 182 183 184 185 186 187 188 189 190 191 192 193 194 195 196 197 198 199 200 201 202 203 204 205 206 207 208 209 210 211 212 213 214 215 216 217 218 219 220 221 222 223 224 225 226 227 228 229 230 231 232 233 234 235 236 237 238 239 240 241 242 243 244 245 246 247 248 249 250 251 252 253 254 255 256 257 258 259 260 261 262 263 264 265 266 267 268 269 270 271 272 273 274 275 276 277 278 279 280 281 282 283 284 285 286 287 288 289 290 291 292 293 294 295 296 297 298 299 300 301 302 303 304 305 306 307 308 309 310 311 312 313 314 315 316 317 318 319 320 321 322 323 324 325 326 327 328 329 330 331 332 333 334 335 336 337 338 339 340 341 342 343 344 345 346 347 348 349 350 351 352 353 354 355 356 357 358 359 360 361 362 363 364 365 366 367 368 369 370 371 372 373 374 375 376 377 378 379 380 381 382 383 384 385 386 387 388 389 390 391 392 393 394 395 396 397 398 399 400 401 402 403 404 405 406 407 408 409 410 411 412 413 414 415 416 417 418 419 420 421 422 423 424 425 426 427 428 429 430 431 432 433 434 435 436 437 438 439 440 441 442 443 444 445 446 447 448 449 450 451 452 453 454 455 456 457 458 459 460 461 462 463 464 465 466 467 468 469 470 471 472 473 474 475 476 477 478 479 480 481 482 483 484 485 486 487 488 489 490 491 492 493 494 495 496 497 498 499 500 501 502 503 504 505 506 507 508 509 510 511 512 513 514 515 516 517 518 519 520 521 522 523 524 525 526 527 528 529 530 531 532 533 534 535 536 537 538 539 540 541 542 543 544 545 546 547 548 549 550 551 552 553 554 555 556 557 558 559 560 561 562 563 564 565 566 567 568 569 570 571 572 573 574 575 576 577 578 579 580 581 582 583 584 585 586 587 588 589 590 591 592 593 594 595 596 597 598 599 600 601 602 603 604 605 606 607 608 609 610 611 612 613 614 615 616 617 618 619 620 621 622 623 624 625 626 627 628 629 630 631 632 633 634 635 636 637 638 639 640 641 642 643 644 645 646 647 648 649 650 651 652 653 654 655 656 657 658 659 660 661 662 663 664 665 666 667 668 669 670 671 672 673 674 675 676 
0
0
0
0
0
